"C:/bp/TreeGenerator/TreeGenerator.uproject" 1
"../../../Engine/Plugins/2D/Paper2D/Paper2D.uplugin" 2
"../../../Engine/Plugins/Developer/BlankPlugin/BlankPlugin.uplugin" 3
"../../../Engine/Plugins/Developer/GitSourceControl/GitSourceControl.uplugin" 4
"../../../Engine/Plugins/Developer/KDevelopSourceCodeAccess/KDevelopSourceCodeAccess.uplugin" 5
"../../../Engine/Plugins/Developer/PerforceSourceControl/PerforceSourceControl.uplugin" 6
"../../../Engine/Plugins/Developer/SubversionSourceControl/SubversionSourceControl.uplugin" 7
"../../../Engine/Plugins/Developer/UObjectPlugin/UObjectPlugin.uplugin" 8
"../../../Engine/Plugins/Developer/VisualStudioSourceCodeAccess/VisualStudioSourceCodeAccess.uplugin" 9
"../../../Engine/Plugins/Developer/XCodeSourceCodeAccess/XCodeSourceCodeAccess.uplugin" 10
"../../../Engine/Plugins/Editor/EpicSurvey/EpicSurvey.uplugin" 11
"../../../Engine/Plugins/Editor/MacGraphicsSwitching/MacGraphicsSwitching.uplugin" 12
"../../../Engine/Plugins/Editor/PluginsEditor/PluginsEditor.uplugin" 13
"../../../Engine/Plugins/Editor/SpeedTreeImporter/SpeedTreeImporter.uplugin" 14
"../../../Engine/Plugins/Experimental/BlueprintStats/BlueprintStats.uplugin" 15
"../../../Engine/Plugins/Experimental/CharacterAI/CharacterAI.uplugin" 16
"../../../Engine/Plugins/Experimental/CodeView/CodeView.uplugin" 17
"../../../Engine/Plugins/Experimental/LiveEditor/LiveEditor.uplugin" 18
"../../../Engine/Plugins/Experimental/Phya/Phya.uplugin" 19
"../../../Engine/Plugins/Experimental/SimpleHMD/SimpleHMD.uplugin" 20
"../../../Engine/Plugins/Experimental/SteamVR/SteamVR.uplugin" 21
"../../../Engine/Plugins/Media/AndroidMedia/AndroidMedia.uplugin" 22
"../../../Engine/Plugins/Media/AvfMedia/AvfMedia.uplugin" 23
"../../../Engine/Plugins/Media/MediaPlayerEditor/MediaPlayerEditor.uplugin" 24
"../../../Engine/Plugins/Media/WmfMedia/WmfMedia.uplugin" 25
"../../../Engine/Plugins/Messaging/MessagingDebugger/MessagingDebugger.uplugin" 26
"../../../Engine/Plugins/Messaging/ShmMessaging/ShmMessaging.uplugin" 27
"../../../Engine/Plugins/Messaging/UdpMessaging/UdpMessaging.uplugin" 28
"../../../Engine/Plugins/Runtime/Advertising/IOSTapJoy/IOSTapJoy.uplugin" 29
"../../../Engine/Plugins/Runtime/Analytics/AnalyticsBlueprintLibrary/AnalyticsBlueprintLibrary.uplugin" 30
"../../../Engine/Plugins/Runtime/Analytics/Apsalar/IOSApsalar/IOSApsalar.uplugin" 31
"../../../Engine/Plugins/Runtime/Analytics/FileLogging/FileLogging.uplugin" 32
"../../../Engine/Plugins/Runtime/AndroidDeviceProfileSelector/AndroidDeviceProfileSelector.uplugin" 33
"../../../Engine/Plugins/Runtime/AndroidMoviePlayer/AndroidMoviePlayer.uplugin" 34
"../../../Engine/Plugins/Runtime/AppleMoviePlayer/AppleMoviePlayer.uplugin" 35
"../../../Engine/Plugins/Runtime/CableComponent/CableComponent.uplugin" 36
"../../../Engine/Plugins/Runtime/CustomMeshComponent/CustomMeshComponent.uplugin" 37
"../../../Engine/Plugins/Runtime/ExampleDeviceProfileSelector/ExampleDeviceProfileSelector.uplugin" 38
"../../../Engine/Plugins/Runtime/GearVR/GearVR.uplugin" 39
"../../../Engine/Plugins/Runtime/IOSDeviceProfileSelector/IOSDeviceProfileSelector.uplugin" 40
"../../../Engine/Plugins/Runtime/LiveEditorListenServer/LiveEditorListenServer.uplugin" 41
"../../../Engine/Plugins/Runtime/OculusRift/OculusRift.uplugin" 42
"../../../Engine/Plugins/Runtime/SoundMod/SoundMod.uplugin" 43
"../../../Engine/Plugins/Runtime/SoundVisualizations/SoundVisualizations.uplugin" 44
"../../../Engine/Plugins/Runtime/TwitchLiveStreaming/TwitchLiveStreaming.uplugin" 45
"../../../Engine/Plugins/Runtime/WindowsDeviceProfileSelector/WindowsDeviceProfileSelector.uplugin" 46
"../../../Engine/Plugins/Runtime/WindowsMoviePlayer/WindowsMoviePlayer.uplugin" 47
"../../../Engine/Plugins/ScriptGeneratorPlugin/ScriptGeneratorPlugin.uplugin" 48
"../../../Engine/Plugins/ScriptPlugin/ScriptPlugin.uplugin" 49
"../../../Engine/Plugins/Slate/SlateRemote/SlateRemote.uplugin" 50
"..\..\..\Engine\Content\Internationalization\icudt53l\cnvalias.icu" 51
"..\..\..\Engine\Content\Internationalization\icudt53l\en_US_POSIX.res" 52
"..\..\..\Engine\Content\Internationalization\icudt53l\pool.res" 53
"..\..\..\Engine\Content\Internationalization\icudt53l\en_US.res" 54
"..\..\..\Engine\Content\Internationalization\icudt53l\en.res" 55
"..\..\..\Engine\Content\Internationalization\icudt53l\root.res" 56
"..\..\..\Engine\Content\Internationalization\icudt53l\coll\ucadata.icu" 57
"..\..\..\Engine\Content\Internationalization\icudt53l\nfc.nrm" 58
"..\..\..\Engine\Content\Internationalization\icudt53l\coll\en_US_POSIX.res" 59
"..\..\..\Engine\Content\Internationalization\icudt53l\coll\en_US.res" 60
"..\..\..\Engine\Content\Internationalization\icudt53l\coll\en.res" 61
"..\..\..\Engine\Content\Internationalization\icudt53l\coll\root.res" 62
"..\..\..\Engine\Content\Internationalization\icudt53l\numberingSystems.res" 63
"..\..\..\Engine\Content\Internationalization\icudt53l\curr\supplementalData.res" 64
"..\..\..\Engine\Content\Internationalization\icudt53l\curr\pool.res" 65
"..\..\..\Engine\Content\Internationalization\icudt53l\curr\en.res" 66
"..\..\..\Engine\Content\Internationalization\icudt53l\curr\root.res" 67
"..\..\..\Engine\Content\Internationalization\icudt53l\plurals.res" 68
"..\..\..\Engine\Content\Internationalization\icudt53l\windowsZones.res" 69
"..\..\..\Engine\Content\Internationalization\icudt53l\zoneinfo64.res" 70
"..\..\..\Engine\Content\Internationalization\icudt53l\keyTypeData.res" 71
"..\..\..\Engine\Content\Internationalization\icudt53l\timezoneTypes.res" 72
"..\..\..\Engine\Content\Internationalization\icudt53l\supplementalData.res" 73
"..\..\..\Engine\Content\Internationalization\icudt53l\likelySubtags.res" 74
"../../../Engine/Config/Base.ini" 75
"../../../Engine/Config/BaseEngine.ini" 76
"../../../../../../bp/TreeGenerator/Config/DefaultEngine.ini" 77
"../../../Engine/Config/Windows/WindowsEngine.ini" 78
"C:/bp/TreeGenerator/Saved/Config/Windows/Engine.ini" 79
"../../../../../../bp/TreeGenerator/Intermediate/Config/CoalescedSourceConfigs/Engine.ini" 80
"../../../Engine/Config/BaseGame.ini" 81
"../../../../../../bp/TreeGenerator/Config/DefaultGame.ini" 82
"C:/bp/TreeGenerator/Saved/Config/Windows/Game.ini" 83
"../../../../../../bp/TreeGenerator/Intermediate/Config/CoalescedSourceConfigs/Game.ini" 84
"../../../Engine/Config/BaseInput.ini" 85
"C:/bp/TreeGenerator/Saved/Config/Windows/Input.ini" 86
"../../../../../../bp/TreeGenerator/Intermediate/Config/CoalescedSourceConfigs/Input.ini" 87
"../../../Engine/Config/BaseEditor.ini" 88
"../../../../../../bp/TreeGenerator/Config/DefaultEditor.ini" 89
"C:/bp/TreeGenerator/Saved/Config/Windows/Editor.ini" 90
"../../../../../../bp/TreeGenerator/Intermediate/Config/CoalescedSourceConfigs/Editor.ini" 91
"../../../Engine/Config/BaseEditorLayout.ini" 92
"C:/bp/TreeGenerator/Saved/Config/Windows/EditorLayout.ini" 93
"../../../../../../bp/TreeGenerator/Intermediate/Config/CoalescedSourceConfigs/EditorLayout.ini" 94
"../../../Engine/Config/BaseEditorUserSettings.ini" 95
"C:/bp/TreeGenerator/Saved/Config/Windows/EditorUserSettings.ini" 96
"../../../../../../bp/TreeGenerator/Intermediate/Config/CoalescedSourceConfigs/EditorUserSettings.ini" 97
"../../../Engine/Config/BaseEditorKeyBindings.ini" 98
"C:/bp/TreeGenerator/Saved/Config/Windows/EditorKeyBindings.ini" 99
"../../../../../../bp/TreeGenerator/Intermediate/Config/CoalescedSourceConfigs/EditorKeyBindings.ini" 100
"../../../Engine/Config/BaseCompat.ini" 101
"C:/bp/TreeGenerator/Saved/Config/Windows/Compat.ini" 102
"../../../../../../bp/TreeGenerator/Intermediate/Config/CoalescedSourceConfigs/Compat.ini" 103
"../../../Engine/Config/BaseLightmass.ini" 104
"C:/bp/TreeGenerator/Saved/Config/Windows/Lightmass.ini" 105
"../../../../../../bp/TreeGenerator/Intermediate/Config/CoalescedSourceConfigs/Lightmass.ini" 106
"../../../Engine/Config/BaseScalability.ini" 107
"C:/bp/TreeGenerator/Saved/Config/Windows/Scalability.ini" 108
"../../../../../../bp/TreeGenerator/Intermediate/Config/CoalescedSourceConfigs/Scalability.ini" 109
"C:/bp/TreeGenerator/Saved/Config/Windows/GameUserSettings.ini" 110
"../../../../../../bp/TreeGenerator/Intermediate/Config/CoalescedSourceConfigs/GameUserSettings.ini" 111
"../../../Engine/Config/BaseDeviceProfiles.ini" 112
"C:/bp/TreeGenerator/Saved/Config/Windows/DeviceProfiles.ini" 113
"../../../../../../bp/TreeGenerator/Intermediate/Config/CoalescedSourceConfigs/DeviceProfiles.ini" 114
"../../../Engine/Config/ConsoleVariables.ini" 115
"..\..\..\Engine\Content\Internationalization\icudt53l\es.res" 116
"..\..\..\Engine\Content\Internationalization\icudt53l\coll\es.res" 117
"..\..\..\Engine\Content\Internationalization\icudt53l\curr\es.res" 118
"..\..\..\Engine\Content\Internationalization\icudt53l\es_ES.res" 119
"..\..\..\Engine\Content\Internationalization\icudt53l\ja.res" 120
"..\..\..\Engine\Content\Internationalization\icudt53l\coll\ja.res" 121
"..\..\..\Engine\Content\Internationalization\icudt53l\curr\ja.res" 122
"..\..\..\Engine\Content\Internationalization\icudt53l\ja_JP.res" 123
"..\..\..\Engine\Content\Internationalization\icudt53l\ko.res" 124
"..\..\..\Engine\Content\Internationalization\icudt53l\coll\ko.res" 125
"..\..\..\Engine\Content\Internationalization\icudt53l\curr\ko.res" 126
"..\..\..\Engine\Content\Internationalization\icudt53l\ko_KR.res" 127
"..\..\..\Engine\Content\Internationalization\icudt53l\pt_BR.res" 128
"..\..\..\Engine\Content\Internationalization\icudt53l\pt.res" 129
"..\..\..\Engine\Content\Internationalization\icudt53l\coll\pt.res" 130
"..\..\..\Engine\Content\Internationalization\icudt53l\curr\pt.res" 131
"..\..\..\Engine\Content\Internationalization\icudt53l\zh_CN.res" 132
"..\..\..\Engine\Content\Internationalization\icudt53l\zh_Hans_CN.res" 133
"..\..\..\Engine\Content\Internationalization\icudt53l\zh_Hans.res" 134
"..\..\..\Engine\Content\Internationalization\icudt53l\zh.res" 135
"..\..\..\Engine\Content\Internationalization\icudt53l\coll\zh_CN.res" 136
"..\..\..\Engine\Content\Internationalization\icudt53l\coll\zh_Hans_CN.res" 137
"..\..\..\Engine\Content\Internationalization\icudt53l\coll\zh_Hans.res" 138
"..\..\..\Engine\Content\Internationalization\icudt53l\coll\zh.res" 139
"..\..\..\Engine\Content\Internationalization\icudt53l\curr\zh_CN.res" 140
"..\..\..\Engine\Content\Internationalization\icudt53l\curr\zh_Hans_CN.res" 141
"..\..\..\Engine\Content\Internationalization\icudt53l\curr\zh_Hans.res" 142
"..\..\..\Engine\Content\Internationalization\icudt53l\curr\zh.res" 143
"C:/Program Files/Epic Games/4.7/Engine/Content/Localization/Engine/en/Engine.locres" 144
"C:/Program Files/Epic Games/4.7/Engine/Content/Localization/Editor/en/Editor.locres" 145
"C:/Program Files/Epic Games/4.7/Engine/Content/Localization/EditorTutorials/en/EditorTutorials.locres" 146
"../../../Engine/Content/Slate/Fonts/Roboto-Regular.ttf" 147
"../../../Engine/Content/Slate/Fonts/DroidSansMono.ttf" 148
"../../../Engine/Content/Slate/Fonts/Roboto-Bold.ttf" 149
"../../../Engine/Content/Slate/Fonts/Roboto-Light.ttf" 150
"C:/Program Files/Epic Games/4.7/Engine/Binaries/Win64/../../../Engine/Shaders/ParticleSpriteVertexFactory.usf" 151
"C:/Program Files/Epic Games/4.7/Engine/Binaries/Win64/../../../Engine/Shaders/VertexFactoryCommon.usf" 152
"C:/Program Files/Epic Games/4.7/Engine/Binaries/Win64/../../../Engine/Shaders/Common.usf" 153
"C:/Program Files/Epic Games/4.7/Engine/Binaries/Win64/../../../Engine/Shaders/MetalCommon.usf" 154
"C:/Program Files/Epic Games/4.7/Engine/Binaries/Win64/../../../Engine/Shaders/ShaderVersion.usf" 155
"C:/Program Files/Epic Games/4.7/Engine/Binaries/Win64/../../../Engine/Shaders/Definitions.usf" 156
"C:/Program Files/Epic Games/4.7/Engine/Binaries/Win64/../../../Engine/Shaders/Random.usf" 157
"C:/Program Files/Epic Games/4.7/Engine/Binaries/Win64/../../../Engine/Shaders/ParticleVertexFactoryCommon.usf" 158
"C:/Program Files/Epic Games/4.7/Engine/Binaries/Win64/../../../Engine/Shaders/ParticleGPUSpriteVertexFactory.usf" 159
"C:/Program Files/Epic Games/4.7/Engine/Binaries/Win64/../../../Engine/Shaders/ParticleBeamTrailVertexFactory.usf" 160
"C:/Program Files/Epic Games/4.7/Engine/Binaries/Win64/../../../Engine/Shaders/VectorFieldVisualizationVertexFactory.usf" 161
"C:/Program Files/Epic Games/4.7/Engine/Binaries/Win64/../../../Engine/Shaders/LocalVertexFactory.usf" 162
"C:/Program Files/Epic Games/4.7/Engine/Binaries/Win64/../../../Engine/Shaders/LocalVertexFactoryCommon.usf" 163
"C:/Program Files/Epic Games/4.7/Engine/Binaries/Win64/../../../Engine/Shaders/MeshParticleVertexFactory.usf" 164
"C:/Program Files/Epic Games/4.7/Engine/Binaries/Win64/../../../Engine/Shaders/GpuSkinVertexFactory.usf" 165
"C:/Program Files/Epic Games/4.7/Engine/Binaries/Win64/../../../Engine/Shaders/GpuSkinCacheCommon.usf" 166
"C:/Program Files/Epic Games/4.7/Engine/Binaries/Win64/../../../Engine/Shaders/LandscapeVertexFactory.usf" 167
"C:/Program Files/Epic Games/4.7/Engine/Binaries/Win64/../../../Engine/Shaders/SlateElementPixelShader.usf" 168
"C:/Program Files/Epic Games/4.7/Engine/Binaries/Win64/../../../Engine/Shaders/MaterialTemplate.usf" 169
"C:/Program Files/Epic Games/4.7/Engine/Binaries/Win64/../../../Engine/Shaders/DepthOfFieldCommon.usf" 170
"C:/Program Files/Epic Games/4.7/Engine/Binaries/Win64/../../../Engine/Shaders/SpeedTreeCommon.usf" 171
"C:/Program Files/Epic Games/4.7/Engine/Binaries/Win64/../../../Engine/Shaders/AtmosphereCommon.usf" 172
"C:/Program Files/Epic Games/4.7/Engine/Binaries/Win64/../../../Engine/Shaders/PostProcessCommon.usf" 173
"C:/Program Files/Epic Games/4.7/Engine/Binaries/Win64/../../../Engine/Shaders/DeferredShadingCommon.usf" 174
"C:/Program Files/Epic Games/4.7/Engine/Binaries/Win64/../../../Engine/Shaders/LightAccumulator.usf" 175
"C:/Program Files/Epic Games/4.7/Engine/Binaries/Win64/../../../Engine/Shaders/SlateVertexShader.usf" 176
"C:/Program Files/Epic Games/4.7/Engine/Binaries/Win64/../../../Engine/Shaders/OneColorShader.usf" 177
"C:/Program Files/Epic Games/4.7/Engine/Binaries/Win64/../../../Engine/Shaders/ResolveVertexShader.usf" 178
"C:/Program Files/Epic Games/4.7/Engine/Binaries/Win64/../../../Engine/Shaders/ResolvePixelShader.usf" 179
"C:/Program Files/Epic Games/4.7/Engine/Binaries/Win64/../../../Engine/Shaders/VisualizeTexture.usf" 180
"C:/Program Files/Epic Games/4.7/Engine/Binaries/Win64/../../../Engine/Shaders/ScreenSpaceReflections.usf" 181
"C:/Program Files/Epic Games/4.7/Engine/Binaries/Win64/../../../Engine/Shaders/BRDF.usf" 182
"C:/Program Files/Epic Games/4.7/Engine/Binaries/Win64/../../../Engine/Shaders/MonteCarlo.usf" 183
"C:/Program Files/Epic Games/4.7/Engine/Binaries/Win64/../../../Engine/Shaders/FilterVertexShader.usf" 184
"C:/Program Files/Epic Games/4.7/Engine/Binaries/Win64/../../../Engine/Shaders/FilterPixelShader.usf" 185
"C:/Program Files/Epic Games/4.7/Engine/Binaries/Win64/../../../Engine/Shaders/PostProcessVisualizeHDR.usf" 186
"C:/Program Files/Epic Games/4.7/Engine/Binaries/Win64/../../../Engine/Shaders/PostProcessHistogramCommon.usf" 187
"C:/Program Files/Epic Games/4.7/Engine/Binaries/Win64/../../../Engine/Shaders/TonemapCommon.usf" 188
"C:/Program Files/Epic Games/4.7/Engine/Binaries/Win64/../../../Engine/Shaders/MiniFontCommon.usf" 189
"C:/Program Files/Epic Games/4.7/Engine/Binaries/Win64/../../../Engine/Shaders/PostProcessVisualizeBuffer.usf" 190
"C:/Program Files/Epic Games/4.7/Engine/Binaries/Win64/../../../Engine/Shaders/PostProcessUpscale.usf" 191
"C:/Program Files/Epic Games/4.7/Engine/Binaries/Win64/../../../Engine/Shaders/PostProcessTonemap.usf" 192
"C:/Program Files/Epic Games/4.7/Engine/Binaries/Win64/../../../Engine/Shaders/PostProcessTestImage.usf" 193
"C:/Program Files/Epic Games/4.7/Engine/Binaries/Win64/../../../Engine/Shaders/PostProcessTemporalAA.usf" 194
"C:/Program Files/Epic Games/4.7/Engine/Binaries/Win64/../../../Engine/Shaders/PostProcessTemporalCommon.usf" 195
"C:/Program Files/Epic Games/4.7/Engine/Binaries/Win64/../../../Engine/Shaders/PostProcessSubsurface.usf" 196
"C:/Program Files/Epic Games/4.7/Engine/Binaries/Win64/../../../Engine/Shaders/SeparableSSS.usf" 197
"C:/Program Files/Epic Games/4.7/Engine/Binaries/Win64/../../../Engine/Shaders/PostProcessSelectionOutline.usf" 198
"C:/Program Files/Epic Games/4.7/Engine/Binaries/Win64/../../../Engine/Shaders/PostProcessSceneColorFringe.usf" 199
"C:/Program Files/Epic Games/4.7/Engine/Binaries/Win64/../../../Engine/Shaders/PostProcessNoiseBlur.usf" 200
"C:/Program Files/Epic Games/4.7/Engine/Binaries/Win64/../../../Engine/Shaders/PostProcessMotionBlur.usf" 201
"C:/Program Files/Epic Games/4.7/Engine/Binaries/Win64/../../../Engine/Shaders/PostProcessMobile.usf" 202
"C:/Program Files/Epic Games/4.7/Engine/Binaries/Win64/../../../Engine/Shaders/PostProcessMaterialShaders.usf" 203
"C:/Program Files/Epic Games/4.7/Engine/Binaries/Win64/../../../Engine/Shaders/PostProcessLensFlares.usf" 204
"C:/Program Files/Epic Games/4.7/Engine/Binaries/Win64/../../../Engine/Shaders/PostProcessLensBlur.usf" 205
"C:/Program Files/Epic Games/4.7/Engine/Binaries/Win64/../../../Engine/Shaders/PostProcessBloom.usf" 206
"C:/Program Files/Epic Games/4.7/Engine/Binaries/Win64/../../../Engine/Shaders/PostProcessHMD.usf" 207
"C:/Program Files/Epic Games/4.7/Engine/Binaries/Win64/../../../Engine/Shaders/PostProcessHistogramReduce.usf" 208
"C:/Program Files/Epic Games/4.7/Engine/Binaries/Win64/../../../Engine/Shaders/PostProcessHistogram.usf" 209
"C:/Program Files/Epic Games/4.7/Engine/Binaries/Win64/../../../Engine/Shaders/PostProcessGBufferHints.usf" 210
"C:/Program Files/Epic Games/4.7/Engine/Binaries/Win64/../../../Engine/Shaders/PostProcessEyeAdaptation.usf" 211
"C:/Program Files/Epic Games/4.7/Engine/Binaries/Win64/../../../Engine/Shaders/PostProcessDownsample.usf" 212
"C:/Program Files/Epic Games/4.7/Engine/Binaries/Win64/../../../Engine/Shaders/PostProcessDOF.usf" 213
"C:/Program Files/Epic Games/4.7/Engine/Binaries/Win64/../../../Engine/Shaders/PostProcessCompositeEditorPrimitives.usf" 214
"C:/Program Files/Epic Games/4.7/Engine/Binaries/Win64/../../../Engine/Shaders/PostProcessCombineLUTs.usf" 215
"C:/Program Files/Epic Games/4.7/Engine/Binaries/Win64/../../../Engine/Shaders/PostProcessBusyWait.usf" 216
"C:/Program Files/Epic Games/4.7/Engine/Binaries/Win64/../../../Engine/Shaders/PostProcessBokehDOF.usf" 217
"C:/Program Files/Epic Games/4.7/Engine/Binaries/Win64/../../../Engine/Shaders/FXAAShader.usf" 218
"C:/Program Files/Epic Games/4.7/Engine/Binaries/Win64/../../../Engine/Shaders/Fxaa3_11.usf" 219
"C:/Program Files/Epic Games/4.7/Engine/Binaries/Win64/../../../Engine/Shaders/PostProcessPassThrough.usf" 220
"C:/Program Files/Epic Games/4.7/Engine/Binaries/Win64/../../../Engine/Shaders/PostProcessLpvIndirect.usf" 221
"C:/Program Files/Epic Games/4.7/Engine/Binaries/Win64/../../../Engine/Shaders/DeferredLightingCommon.usf" 222
"C:/Program Files/Epic Games/4.7/Engine/Binaries/Win64/../../../Engine/Shaders/DynamicLightingCommon.usf" 223
"C:/Program Files/Epic Games/4.7/Engine/Binaries/Win64/../../../Engine/Shaders/IESLightProfilesCommon.usf" 224
"C:/Program Files/Epic Games/4.7/Engine/Binaries/Win64/../../../Engine/Shaders/LPVFinalPass.usf" 225
"C:/Program Files/Epic Games/4.7/Engine/Binaries/Win64/../../../Engine/Shaders/LPVCommon.usf" 226
"C:/Program Files/Epic Games/4.7/Engine/Binaries/Win64/../../../Engine/Shaders/DeferredDecal.usf" 227
"C:/Program Files/Epic Games/4.7/Engine/Binaries/Win64/../../../Engine/Shaders/PostProcessAmbientOcclusion.usf" 228
"C:/Program Files/Epic Games/4.7/Engine/Binaries/Win64/../../../Engine/Shaders/PostProcessAmbient.usf" 229
"C:/Program Files/Epic Games/4.7/Engine/Binaries/Win64/../../../Engine/Shaders/CubemapCommon.usf" 230
"C:/Program Files/Epic Games/4.7/Engine/Binaries/Win64/../../../Engine/Shaders/VelocityShader.usf" 231
"C:/Program Files/Epic Games/4.7/Engine/Binaries/Win64/../../../Engine/Shaders/Tessellation.usf" 232
"C:/Program Files/Epic Games/4.7/Engine/Binaries/Win64/../../../Engine/Shaders/FlatTessellation.usf" 233
"C:/Program Files/Epic Games/4.7/Engine/Binaries/Win64/../../../Engine/Shaders/PNTriangles.usf" 234
"C:/Program Files/Epic Games/4.7/Engine/Binaries/Win64/../../../Engine/Shaders/TranslucentLightingShaders.usf" 235
"C:/Program Files/Epic Games/4.7/Engine/Binaries/Win64/../../../Engine/Shaders/SHCommon.usf" 236
"C:/Program Files/Epic Games/4.7/Engine/Binaries/Win64/../../../Engine/Shaders/ShadowProjectionCommon.usf" 237
"C:/Program Files/Epic Games/4.7/Engine/Binaries/Win64/../../../Engine/Shaders/TranslucentLightInjectionShaders.usf" 238
"C:/Program Files/Epic Games/4.7/Engine/Binaries/Win64/../../../Engine/Shaders/LightFunctionCommon.usf" 239
"C:/Program Files/Epic Games/4.7/Engine/Binaries/Win64/../../../Engine/Shaders/TranslucentShadowDepthShaders.usf" 240
"C:/Program Files/Epic Games/4.7/Engine/Binaries/Win64/../../../Engine/Shaders/ShadowDepthCommon.usf" 241
"C:/Program Files/Epic Games/4.7/Engine/Binaries/Win64/../../../Engine/Shaders/TiledDeferredLightShaders.usf" 242
"C:/Program Files/Epic Games/4.7/Engine/Binaries/Win64/../../../Engine/Shaders/ShadowProjectionPixelShader.usf" 243
"C:/Program Files/Epic Games/4.7/Engine/Binaries/Win64/../../../Engine/Shaders/ShadowFilteringCommon.usf" 244
"C:/Program Files/Epic Games/4.7/Engine/Binaries/Win64/../../../Engine/Shaders/ShadowProjectionVertexShader.usf" 245
"C:/Program Files/Epic Games/4.7/Engine/Binaries/Win64/../../../Engine/Shaders/ShadowDepthPixelShader.usf" 246
"C:/Program Files/Epic Games/4.7/Engine/Binaries/Win64/../../../Engine/Shaders/LPVWriteVplCommon.usf" 247
"C:/Program Files/Epic Games/4.7/Engine/Binaries/Win64/../../../Engine/Shaders/LPVWriteCommon.usf" 248
"C:/Program Files/Epic Games/4.7/Engine/Binaries/Win64/../../../Engine/Shaders/ShadowDepthVertexShader.usf" 249
"C:/Program Files/Epic Games/4.7/Engine/Binaries/Win64/../../../Engine/Shaders/ShaderComplexityApplyPixelShader.usf" 250
"C:/Program Files/Epic Games/4.7/Engine/Binaries/Win64/../../../Engine/Shaders/ShaderComplexityApplyVertexShader.usf" 251
"C:/Program Files/Epic Games/4.7/Engine/Binaries/Win64/../../../Engine/Shaders/ShaderComplexityAccumulatePixelShader.usf" 252
"C:/Program Files/Epic Games/4.7/Engine/Binaries/Win64/../../../Engine/Shaders/HZBOcclusion.usf" 253
"C:/Program Files/Epic Games/4.7/Engine/Binaries/Win64/../../../Engine/Shaders/OcclusionQueryVertexShader.usf" 254
"C:/Program Files/Epic Games/4.7/Engine/Binaries/Win64/../../../Engine/Shaders/HitProxyPixelShader.usf" 255
"C:/Program Files/Epic Games/4.7/Engine/Binaries/Win64/../../../Engine/Shaders/HitProxyVertexShader.usf" 256
"C:/Program Files/Epic Games/4.7/Engine/Binaries/Win64/../../../Engine/Shaders/ReflectionEnvironmentShaders.usf" 257
"C:/Program Files/Epic Games/4.7/Engine/Binaries/Win64/../../../Engine/Shaders/ReflectionEnvironmentShared.usf" 258
"C:/Program Files/Epic Games/4.7/Engine/Binaries/Win64/../../../Engine/Shaders/SkyLightingShared.usf" 259
"C:/Program Files/Epic Games/4.7/Engine/Binaries/Win64/../../../Engine/Shaders/ReflectionEnvironmentComputeShaders.usf" 260
"C:/Program Files/Epic Games/4.7/Engine/Binaries/Win64/../../../Engine/Shaders/LightShaftShader.usf" 261
"C:/Program Files/Epic Games/4.7/Engine/Binaries/Win64/../../../Engine/Shaders/StationaryLightOverlapShaders.usf" 262
"C:/Program Files/Epic Games/4.7/Engine/Binaries/Win64/../../../Engine/Shaders/DeferredLightPixelShaders.usf" 263
"C:/Program Files/Epic Games/4.7/Engine/Binaries/Win64/../../../Engine/Shaders/DeferredLightVertexShaders.usf" 264
"C:/Program Files/Epic Games/4.7/Engine/Binaries/Win64/../../../Engine/Shaders/LPVVisualise.usf" 265
"C:/Program Files/Epic Games/4.7/Engine/Binaries/Win64/../../../Engine/Shaders/LPVGeometryVolumeCommon.usf" 266
"C:/Program Files/Epic Games/4.7/Engine/Binaries/Win64/../../../Engine/Shaders/LPVDirectLightInject.usf" 267
"C:/Program Files/Epic Games/4.7/Engine/Binaries/Win64/../../../Engine/Shaders/LPVPropagate.usf" 268
"C:/Program Files/Epic Games/4.7/Engine/Binaries/Win64/../../../Engine/Shaders/LPVBuildGeometryVolume.usf" 269
"C:/Program Files/Epic Games/4.7/Engine/Binaries/Win64/../../../Engine/Shaders/LPVInject_AccumulateVplLists.usf" 270
"C:/Program Files/Epic Games/4.7/Engine/Binaries/Win64/../../../Engine/Shaders/LPVInject_GenerateVplLists.usf" 271
"C:/Program Files/Epic Games/4.7/Engine/Binaries/Win64/../../../Engine/Shaders/LPVClearLists.usf" 272
"C:/Program Files/Epic Games/4.7/Engine/Binaries/Win64/../../../Engine/Shaders/LPVClear.usf" 273
"C:/Program Files/Epic Games/4.7/Engine/Binaries/Win64/../../../Engine/Shaders/LightMapDensityShader.usf" 274
"C:/Program Files/Epic Games/4.7/Engine/Binaries/Win64/../../../Engine/Shaders/LightFunctionPixelShader.usf" 275
"C:/Program Files/Epic Games/4.7/Engine/Binaries/Win64/../../../Engine/Shaders/LightFunctionVertexShader.usf" 276
"C:/Program Files/Epic Games/4.7/Engine/Binaries/Win64/../../../Engine/Shaders/HdrCustomResolveShaders.usf" 277
"C:/Program Files/Epic Games/4.7/Engine/Binaries/Win64/../../../Engine/Shaders/GPUBenchmark.usf" 278
"C:/Program Files/Epic Games/4.7/Engine/Binaries/Win64/../../../Engine/Shaders/GammaCorrection.usf" 279
"C:/Program Files/Epic Games/4.7/Engine/Binaries/Win64/../../../Engine/Shaders/BasePassForForwardShadingPixelShader.usf" 280
"C:/Program Files/Epic Games/4.7/Engine/Binaries/Win64/../../../Engine/Shaders/BasePassForForwardShadingCommon.usf" 281
"C:/Program Files/Epic Games/4.7/Engine/Binaries/Win64/../../../Engine/Shaders/LightmapCommon.usf" 282
"C:/Program Files/Epic Games/4.7/Engine/Binaries/Win64/../../../Engine/Shaders/BasePassForForwardShadingVertexShader.usf" 283
"C:/Program Files/Epic Games/4.7/Engine/Binaries/Win64/../../../Engine/Shaders/HeightFogCommon.usf" 284
"C:/Program Files/Epic Games/4.7/Engine/Binaries/Win64/../../../Engine/Shaders/HeightFogPixelShader.usf" 285
"C:/Program Files/Epic Games/4.7/Engine/Binaries/Win64/../../../Engine/Shaders/HeightFogVertexShader.usf" 286
"C:/Program Files/Epic Games/4.7/Engine/Binaries/Win64/../../../Engine/Shaders/DistortAccumulatePS.usf" 287
"C:/Program Files/Epic Games/4.7/Engine/Binaries/Win64/../../../Engine/Shaders/DistortAccumulateVS.usf" 288
"C:/Program Files/Epic Games/4.7/Engine/Binaries/Win64/../../../Engine/Shaders/DistortApplyScreenPS.usf" 289
"C:/Program Files/Epic Games/4.7/Engine/Binaries/Win64/../../../Engine/Shaders/DistanceFieldSurfaceCacheLighting.usf" 290
"C:/Program Files/Epic Games/4.7/Engine/Binaries/Win64/../../../Engine/Shaders/DistanceFieldLightingShared.usf" 291
"C:/Program Files/Epic Games/4.7/Engine/Binaries/Win64/../../../Engine/Shaders/DistanceFieldAOShared.usf" 292
"C:/Program Files/Epic Games/4.7/Engine/Binaries/Win64/../../../Engine/Shaders/SkyLighting.usf" 293
"C:/Program Files/Epic Games/4.7/Engine/Binaries/Win64/../../../Engine/Shaders/DistanceFieldSurfaceCacheLightingCompute.usf" 294
"C:/Program Files/Epic Games/4.7/Engine/Binaries/Win64/../../../Engine/Shaders/DistanceFieldShadowing.usf" 295
"C:/Program Files/Epic Games/4.7/Engine/Binaries/Win64/../../../Engine/Shaders/DepthOnlyPixelShader.usf" 296
"C:/Program Files/Epic Games/4.7/Engine/Binaries/Win64/../../../Engine/Shaders/DepthOnlyVertexShader.usf" 297
"C:/Program Files/Epic Games/4.7/Engine/Binaries/Win64/../../../Engine/Shaders/PositionOnlyDepthVertexShader.usf" 298
"C:/Program Files/Epic Games/4.7/Engine/Binaries/Win64/../../../Engine/Shaders/DownsampleDepthPixelShader.usf" 299
"C:/Program Files/Epic Games/4.7/Engine/Binaries/Win64/../../../Engine/Shaders/BasePassPixelShader.usf" 300
"C:/Program Files/Epic Games/4.7/Engine/Binaries/Win64/../../../Engine/Shaders/BasePassCommon.usf" 301
"C:/Program Files/Epic Games/4.7/Engine/Binaries/Win64/../../../Engine/Shaders/BasePassVertexShader.usf" 302
"C:/Program Files/Epic Games/4.7/Engine/Binaries/Win64/../../../Engine/Shaders/BasePassVertexCommon.usf" 303
"C:/Program Files/Epic Games/4.7/Engine/Binaries/Win64/../../../Engine/Shaders/BasePassTessellationShaders.usf" 304
"C:/Program Files/Epic Games/4.7/Engine/Binaries/Win64/../../../Engine/Shaders/AtmospherePrecompute.usf" 305
"C:/Program Files/Epic Games/4.7/Engine/Binaries/Win64/../../../Engine/Shaders/AtmospherePrecomputeCommon.usf" 306
"C:/Program Files/Epic Games/4.7/Engine/Binaries/Win64/../../../Engine/Shaders/AtmospherePrecomputeInscatter.usf" 307
"C:/Program Files/Epic Games/4.7/Engine/Binaries/Win64/../../../Engine/Shaders/AtmosphericFogShader.usf" 308
"C:/Program Files/Epic Games/4.7/Engine/Binaries/Win64/../../../Engine/Shaders/ParticleSortKeyGen.usf" 309
"C:/Program Files/Epic Games/4.7/Engine/Binaries/Win64/../../../Engine/Shaders/ParticleBoundsShader.usf" 310
"C:/Program Files/Epic Games/4.7/Engine/Binaries/Win64/../../../Engine/Shaders/ParticleSimVisualizeShader.usf" 311
"C:/Program Files/Epic Games/4.7/Engine/Binaries/Win64/../../../Engine/Shaders/ParticleInjectionShader.usf" 312
"C:/Program Files/Epic Games/4.7/Engine/Binaries/Win64/../../../Engine/Shaders/ParticleSimulationShader.usf" 313
"C:/Program Files/Epic Games/4.7/Engine/Binaries/Win64/../../../Engine/Shaders/ParticleCurveInjectionShader.usf" 314
"C:/Program Files/Epic Games/4.7/Engine/Binaries/Win64/../../../Engine/Shaders/VectorFieldCompositeShaders.usf" 315
"C:/Program Files/Epic Games/4.7/Engine/Binaries/Win64/../../../Engine/Shaders/UpdateTextureShaders.usf" 316
"C:/Program Files/Epic Games/4.7/Engine/Binaries/Win64/../../../Engine/Shaders/SimpleElementColorChannelMaskPixelShader.usf" 317
"C:/Program Files/Epic Games/4.7/Engine/Binaries/Win64/../../../Engine/Shaders/SimpleElementHitProxyPixelShader.usf" 318
"C:/Program Files/Epic Games/4.7/Engine/Binaries/Win64/../../../Engine/Shaders/SimpleElementPixelShader.usf" 319
"C:/Program Files/Epic Games/4.7/Engine/Binaries/Win64/../../../Engine/Shaders/ColorUtils.usf" 320
"C:/Program Files/Epic Games/4.7/Engine/Binaries/Win64/../../../Engine/Shaders/SimpleElementVertexShader.usf" 321
"C:/Program Files/Epic Games/4.7/Engine/Binaries/Win64/../../../Engine/Shaders/ScreenVertexShader.usf" 322
"C:/Program Files/Epic Games/4.7/Engine/Binaries/Win64/../../../Engine/Shaders/ScreenPixelShader.usf" 323
"C:/Program Files/Epic Games/4.7/Engine/Binaries/Win64/../../../Engine/Shaders/RadixSortShaders.usf" 324
"C:/Program Files/Epic Games/4.7/Engine/Binaries/Win64/../../../Engine/Shaders/GpuSkinCacheComputeShader.usf" 325
"C:/Program Files/Epic Games/4.7/Engine/Binaries/Win64/../../../Engine/Shaders/NullPixelShader.usf" 326
"C:/Program Files/Epic Games/4.7/Engine/Binaries/Win64/../../../Engine/Shaders/ClearReplacementShaders.usf" 327
"C:/Program Files/Epic Games/4.7/Engine/Binaries/Win64/../../../Engine/Shaders/SimpleElementTexture2DPreviewPixelShader.usf" 328
"C:/Program Files/Epic Games/4.7/Engine/Binaries/Win64/../../../Engine/Shaders/SimpleElementNormalMapPixelShader.usf" 329
"C:/Program Files/Epic Games/4.7/Engine/Binaries/Win64/../../../Engine/Shaders/meshpaintdilatepixelshader.usf" 330
"C:/Program Files/Epic Games/4.7/Engine/Binaries/Win64/../../../Engine/Shaders/meshpaintdilatevertexshader.usf" 331
"C:/Program Files/Epic Games/4.7/Engine/Binaries/Win64/../../../Engine/Shaders/MeshPaintPixelShader.usf" 332
"C:/Program Files/Epic Games/4.7/Engine/Binaries/Win64/../../../Engine/Shaders/MeshPaintVertexShader.usf" 333
"../../../Engine/Config/Android/AndroidEngine.ini" 334
"../../../Engine/Config/HTML5/HTML5Engine.ini" 335
"../../../Engine/Config/IOS/IOSEngine.ini" 336
"../../../Engine/Config/Linux/LinuxEngine.ini" 337
"C:/Users/David/AppData/Local/UnrealEngine/4.7/DerivedDataCache/Boot.ddc" 338
"../../../Engine/Content/EditorResources/S_Actor.uasset" 339
"../../../Engine/Content/EditorLandscapeResources/DataLayer.uasset" 340
"../../../Engine/Content/Maps/Templates/Thumbnails/Default.uasset" 341
"../../../Engine/Content/EditorMaterials/ParticleSystems/PSysThumbnail_NoImage.uasset" 342
"../../../Engine/Content/EditorMaterials/ParticleSystems/PSysThumbnail_OOD.uasset" 343
"../../../Engine/Content/EngineFonts/Roboto.uasset" 344
"../../../Engine/Content/EngineMaterials/Widget3DPassThrough_Translucent.uasset" 345
"../../../Engine/Content/EngineMaterials/Widget3DPassThrough.uasset" 346
"../../../Engine/Content/EngineResources/WhiteSquareTexture.uasset" 347
"../../../Engine/Content/Functions/Engine_MaterialFunctions01/Shading/PowerToRoughness.uasset" 348
"../../../Engine/Content/Functions/Engine_MaterialFunctions01/Shading/ConvertFromDiffSpec.uasset" 349
"../../../Engine/Content/EngineMaterials/WorldGridMaterial.uasset" 350
"../../../Engine/Content/Functions/Engine_MaterialFunctions01/Opacity/CameraDepthFade.uasset" 351
"../../../Engine/Content/EngineMaterials/T_Default_Material_Grid_M.uasset" 352
"../../../Engine/Content/EngineMaterials/T_Default_Material_Grid_N.uasset" 353
"../../../Engine/Content/EngineMaterials/DefaultDeferredDecalMaterial.uasset" 354
"../../../Engine/Content/EngineMaterials/DefaultDiffuse.uasset" 355
"../../../Engine/Content/EngineMaterials/DefaultLightFunctionMaterial.uasset" 356
"../../../Engine/Content/EngineMaterials/DefaultPostProcessMaterial.uasset" 357
"../../../Engine/Content/Functions/Engine_MaterialFunctions02/Utility/BreakOutFloat2Components.uasset" 358
"../../../Engine/Content/EngineResources/DefaultTexture.uasset" 359
"../../../Engine/Content/EngineMaterials/Widget3DPassThrough_Translucent_OneSided.uasset" 360
"../../../Engine/Content/EngineMaterials/Widget3DPassThrough_Opaque.uasset" 361
"../../../Engine/Content/EngineMaterials/Widget3DPassThrough_Opaque_OneSided.uasset" 362
"../../../Engine/Content/EngineDamageTypes/DmgTypeBP_Environmental.uasset" 363
"../../../Engine/Content/EngineMeshes/Sphere.uasset" 364
"../../../Engine/Content/EngineFonts/RobotoDistanceField.uasset" 365
"../../../Engine/Content/EngineMaterials/DefaultTextMaterialOpaque.uasset" 366
"../../../Engine/Content/EditorResources/S_Trigger.uasset" 367
"../../../Engine/Content/EngineResources/GradientTexture0.uasset" 368
"../../../Engine/Content/EngineResources/Black.uasset" 369
"../../../Engine/Content/EditorMaterials/MatineeGroups/MAT_Groups_Float.uasset" 370
"../../../Engine/Content/EditorMaterials/MatineeGroups/MAT_Groups_Director.uasset" 371
"../../../Engine/Content/EditorMaterials/MatineeGroups/MAT_Groups_Event.uasset" 372
"../../../Engine/Content/EditorMaterials/MatineeGroups/MAT_Groups_Anim.uasset" 373
"../../../Engine/Content/EditorMaterials/MatineeGroups/MAT_Groups_Fade.uasset" 374
"../../../Engine/Content/EditorMaterials/MatineeGroups/MAT_Groups_Move.uasset" 375
"../../../Engine/Content/EditorMaterials/MatineeGroups/MAT_Groups_Slomo.uasset" 376
"../../../Engine/Content/EditorMaterials/MatineeGroups/MAT_ColorTrack.uasset" 377
"../../../Engine/Content/EditorMaterials/MAT_Groups_Toggle.uasset" 378
"../../../Engine/Content/EditorMaterials/MatineeGroups/MAT_Groups_AudioMaster.uasset" 379
"../../../Engine/Content/EditorMaterials/MatineeGroups/MAT_Groups_Sound.uasset" 380
"../../../Engine/Content/EditorMaterials/MatineeGroups/MAT_Groups_Vector.uasset" 381
"../../../Engine/Content/EditorMaterials/MAT_Groups_Visibility.uasset" 382
"../../../Engine/Content/EngineResources/DefaultTextureCube.uasset" 383
"../../../Engine/Content/EngineSounds/Master.uasset" 384
"../../../Engine/Content/EngineSounds/Music.uasset" 385
"../../../Engine/Content/EngineSounds/SFX.uasset" 386
"../../../Engine/Content/EngineSounds/Normal_Attack.uasset" 387
"../../../Engine/Content/EngineSounds/Special_Attack_PSM.uasset" 388
"../../../Engine/Content/EngineSounds/Duck_Normal_Attack_MixMod.uasset" 389
"../../../Engine/Content/EngineSounds/Voice.uasset" 390
"../../../Engine/Content/EngineMeshes/Cylinder.uasset" 391
"../../../Engine/Content/EngineMaterials/DefaultMaterial.uasset" 392
"../../../Engine/Content/EngineTireTypes/DefaultTireType.uasset" 393
"../../../Engine/Content/Editor/Slate/Fonts/FontAwesome.ttf" 394
"../../../Engine/Content/Editor/Slate/Fonts/DroidSansMono.ttf" 395
"../../../Engine/Content/Editor/Slate/Fonts/Roboto-BoldCondensed.ttf" 396
"../../../Engine/Content/Editor/Slate/Fonts/Roboto-Black.ttf" 397
"../../../Engine/Content/Editor/Slate/Fonts/Roboto-Italic.ttf" 398
"../../../Engine/Content/Editor/Slate/Fonts/Roboto-BoldCondensedItalic.ttf" 399
"../../../Engine/Plugins/2D/Paper2D/Content/MaskedUnlitSpriteMaterial.uasset" 400
"../../../Engine/Plugins/2D/Paper2D/Content/DefaultSpriteMaterial.uasset" 401
"../../../Engine/Plugins/2D/Paper2D/Content/DummySpriteTexture.uasset" 402
"../../../Engine/Plugins/2D/Paper2D/Content/OpaqueUnlitSpriteMaterial.uasset" 403
"../../../Engine/Plugins/2D/Paper2D/Content/DefaultPaperTerrainMaterial.uasset" 404
"../../../Engine/Plugins/2D/Paper2D/Content/DummySprite.uasset" 405
"../../../../../../bp/TreeGenerator/Content/Meshes/treeIcon.uasset" 406
"../../../../../../bp/TreeGenerator/Content/Materials/TreeIconBrown.uasset" 407
"../../../../../../bp/TreeGenerator/Content/Materials/TreeIconGreen.uasset" 408
"C:/Users/David/AppData/Local/UnrealEngine/4.7/Saved/Config/Windows/SourceControlSettings.ini" 409
"../../../../../../bp/TreeGenerator/Intermediate/Config/CoalescedSourceConfigs/SourceControlSettings.ini" 410
"C:/bp/TreeGenerator/Saved/Config/Windows/SourceControlSettings.ini" 411
"../../../Engine/Content/EngineMaterials/RemoveSurfaceMaterial.uasset" 412
"../../../Engine/Content/EngineDebugMaterials/DebugMeshMaterial.uasset" 413
"../../../Engine/Content/EngineMaterials/M_InvalidLightmapSettings.uasset" 414
"../../../Engine/Content/EngineMaterials/InvalidLightmapSettings.uasset" 415
"../../../Engine/Content/EditorMaterials/GizmoMaterial.uasset" 416
"../../../Engine/Content/EngineMaterials/Good64x64TilingNoiseHighFreq.uasset" 417
"../../../Engine/Content/EngineMaterials/DefaultBokeh.uasset" 418
"../../../Engine/Content/EngineMaterials/PreintegratedSkinBRDF.uasset" 419
"../../../Engine/Content/EngineMaterials/MiniFont.uasset" 420
"../../../Engine/Content/EngineMaterials/WeightMapPlaceholderTexture.uasset" 421
"../../../Engine/Content/EngineMaterials/DefaultWhiteGrid.uasset" 422
"../../../Engine/Content/EngineMaterials/DefaultPhysicalMaterial.uasset" 423
"../../../Engine/Content/EngineFonts/RobotoTiny.uasset" 424
"../../../../../../bp/TreeGenerator/Intermediate/CachedAssetRegistry.bin" 425
"C:/Users/David/AppData/Local/UnrealEngine/Common/DerivedDataCache/9/8/8/GSM_AF1606FCEC114373844D2B6CF9DF71C8_PCD3D_SM4_2__BC5N_DEV_SL_NODBUF_VISUALIZE__F3D2D2D0E3A764E28A9297A00B39EC8C6B2704F8.udd" 426
"../../../Engine/Content/MobileResources/HUD/VirtualJoystick_Thumb.uasset" 427
"C:/Users/David/AppData/Local/UnrealEngine/Common/DerivedDataCache/0/7/3/TEXTURE_75F87CE100B546AAB8A1C4132AF9DB17_BGRA8_2303080240B4FBC995EC43ABAA9A8C6__96BDAD0D9717FCDB9BF231F1FEB6D3BE6CB76534.udd" 428
"../../../Engine/Content/MobileResources/HUD/VirtualJoystick_Background.uasset" 429
"C:/Users/David/AppData/Local/UnrealEngine/Common/DerivedDataCache/3/0/8/TEXTURE_75F87CE100B546AAB8A1C4132AF9DB17_BGRA8_BD2910D742B4B4778E3374B97767851__1D0FE82F762562A0405FC09820B5A3400A58EC34.udd" 430
"../../../Engine/Content/MobileResources/HUD/T_Castle_ThumbstickOutter.uasset" 431
"C:/Users/David/AppData/Local/UnrealEngine/Common/DerivedDataCache/7/1/6/TEXTURE_75F87CE100B546AAB8A1C4132AF9DB17_BGRA8_9F5B2DF1453DB1272733529F5E95869__C49B4973D849CC7C1679E8BCE53AD4E771A6DAD0.udd" 432
"../../../Engine/Content/MobileResources/HUD/T_Castle_ThumbstickInner.uasset" 433
"C:/Users/David/AppData/Local/UnrealEngine/Common/DerivedDataCache/8/4/7/TEXTURE_75F87CE100B546AAB8A1C4132AF9DB17_BGRA8_A4535AA24BB699361857049E2A844B2__BF8BDC01D36B0A353530F070363E0733A521A9DE.udd" 434
"../../../Engine/Content/MobileResources/HUD/MobileHUDDirectionStick.uasset" 435
"C:/Users/David/AppData/Local/UnrealEngine/Common/DerivedDataCache/2/1/4/TEXTURE_75F87CE100B546AAB8A1C4132AF9DB17_AUTODXT_8EDAF7A54E378800FEB2178634331__1C2AFBE8B46D8D3B3F4C0192411CABB7E93642F5.udd" 436
"../../../Engine/Content/MobileResources/HUD/MobileHUDDirectionPad3.uasset" 437
"C:/Users/David/AppData/Local/UnrealEngine/Common/DerivedDataCache/4/3/2/TEXTURE_75F87CE100B546AAB8A1C4132AF9DB17_AUTODXT_C9D41DBE4C754F8B430E7DBADCD48__8CDB2C7D4274788CF0BDE12DE9677E857C7E33AA.udd" 438
"../../../Engine/Content/MobileResources/HUD/MobileHUDDirectionPad2.uasset" 439
"C:/Users/David/AppData/Local/UnrealEngine/Common/DerivedDataCache/3/5/9/TEXTURE_75F87CE100B546AAB8A1C4132AF9DB17_AUTODXT_C9D41DBE4C754F8B430E7DBADCD48__35E770B90918D04588876222B427BB33D7030245.udd" 440
"C:/Users/David/AppData/Local/UnrealEngine/Common/DerivedDataCache/3/9/6/TEXTURE_75F87CE100B546AAB8A1C4132AF9DB17_AUTODXT_C9D41DBE4C754F8B430E7DBADCD48__F5342F07C6E4303E2DD5A81DE3ACCD6E33DD5571.udd" 441
"C:/Users/David/AppData/Local/UnrealEngine/Common/DerivedDataCache/9/0/4/TEXTURE_75F87CE100B546AAB8A1C4132AF9DB17_AUTODXT_F562DDF94D8D885AE92078A9DD770__CB13576B1C71444A2AC70F322150B2012CD746DB.udd" 442
"../../../Engine/Content/MobileResources/HUD/MobileHUDDirectionPad.uasset" 443
"../../../Engine/Content/MobileResources/HUD/MobileHUDButtonFire.uasset" 444
"C:/Users/David/AppData/Local/UnrealEngine/Common/DerivedDataCache/4/4/3/TEXTURE_75F87CE100B546AAB8A1C4132AF9DB17_AUTODXT_F562DDF94D8D885AE92078A9DD770__14306DE7AB5E49ACD9FF6B2CBE48AD33B25D6359.udd" 445
"../../../Engine/Content/MobileResources/HUD/MobileHUDButton3.uasset" 446
"C:/Users/David/AppData/Local/UnrealEngine/Common/DerivedDataCache/9/7/3/TEXTURE_75F87CE100B546AAB8A1C4132AF9DB17_AUTODXT_F562DDF94D8D885AE92078A9DD770__61BDE354CD95B37BDEEA43DE91FB97D707B64EDB.udd" 447
"C:/Users/David/AppData/Local/UnrealEngine/Common/DerivedDataCache/0/9/5/TEXTURE_75F87CE100B546AAB8A1C4132AF9DB17_AUTODXT_3F3B1DD44FE006226A690596DBDDE__9F3AD830AEC6440C8B3193B054E67314EFD28820.udd" 448
"C:/Users/David/AppData/Local/UnrealEngine/Common/DerivedDataCache/9/0/3/TEXTURE_75F87CE100B546AAB8A1C4132AF9DB17_AUTODXT_3F3B1DD44FE006226A690596DBDDE__B50706C6398BC694AEECFC22C288EB6154DA1CF2.udd" 449
"C:/Users/David/AppData/Local/UnrealEngine/Common/DerivedDataCache/2/6/9/TEXTURE_75F87CE100B546AAB8A1C4132AF9DB17_AUTODXT_C200B7694C3FE53EBCE97592F5F41__00E14382D4A040AE743B5156A76325596C9C90DC.udd" 450
"C:/Users/David/AppData/Local/UnrealEngine/Common/DerivedDataCache/1/9/0/TEXTURE_75F87CE100B546AAB8A1C4132AF9DB17_AUTODXT_C49FDA8C4EFE04B87EBA5CB5A57D2__2F4FBB3C027F532CCC9B2D3C0B48F88564A6961C.udd" 451
"../../../Engine/Content/MobileResources/HUD/MobileHUDButton2_on.uasset" 452
"C:/Users/David/AppData/Local/UnrealEngine/Common/DerivedDataCache/9/9/3/TEXTURE_75F87CE100B546AAB8A1C4132AF9DB17_AUTODXT_80A9E59646847B4846ED6DAF42DFE__402F92C8B8DED366C0B6D4E193D64599ED15DF14.udd" 453
"C:/Users/David/AppData/Local/UnrealEngine/Common/DerivedDataCache/9/6/3/TEXTURE_75F87CE100B546AAB8A1C4132AF9DB17_AUTODXT_80A9E59646847B4846ED6DAF42DFE__6D81EB4AAC7DA2128CC82C73F523583584AF4D29.udd" 454
"../../../Engine/Content/MobileResources/HUD/MobileHUDButton2_off.uasset" 455
"C:/Users/David/AppData/Local/UnrealEngine/Common/DerivedDataCache/6/6/4/TEXTURE_75F87CE100B546AAB8A1C4132AF9DB17_AUTODXT_D5542AFE4886708885DF42B1BE8F6__A3286FEC76B58EA694B36B251EBC1B55BC891EDE.udd" 456
"C:/Users/David/AppData/Local/UnrealEngine/Common/DerivedDataCache/2/7/3/TEXTURE_75F87CE100B546AAB8A1C4132AF9DB17_AUTODXT_D5542AFE4886708885DF42B1BE8F6__7D354ED738CB77C435550DFF76DAD631B333B89F.udd" 457
"../../../Engine/Content/MobileResources/HUD/MobileHUDButton1_on.uasset" 458
"C:/Users/David/AppData/Local/UnrealEngine/Common/DerivedDataCache/2/6/7/TEXTURE_75F87CE100B546AAB8A1C4132AF9DB17_AUTODXT_7BBBF743419EE004ACC16E9959BCC__BAC988F4B45C21A788C3642FBB3E67C34B0D52C1.udd" 459
"../../../Engine/Content/MobileResources/HUD/MobileHUDButton1_off.uasset" 460
"C:/Users/David/AppData/Local/UnrealEngine/Common/DerivedDataCache/0/3/0/TEXTURE_75F87CE100B546AAB8A1C4132AF9DB17_AUTODXT_5FF2868842E6DED8A4C0CB8217190__9E4925FA8A70B6C7276537C1178678FA0FFA689F.udd" 461
"../../../Engine/Content/MobileResources/HUD/LeftVirtualJoystickOnly.uasset" 462
"../../../Engine/Content/MobileResources/HUD/DefaultVirtualJoysticks.uasset" 463
"../../../Engine/Content/MobileResources/HUD/AnalogHat.uasset" 464
"C:/Users/David/AppData/Local/UnrealEngine/Common/DerivedDataCache/3/8/9/TEXTURE_75F87CE100B546AAB8A1C4132AF9DB17_AUTODXT_2E1EE3B14D43A62B84881B8F5AAD2__7C24F214DE11E44A2A296DB34BE001E0B332A2E4.udd" 465
"../../../Engine/Content/MobileResources/T_MobileMenu2.uasset" 466
"C:/Users/David/AppData/Local/UnrealEngine/Common/DerivedDataCache/1/8/2/TEXTURE_75F87CE100B546AAB8A1C4132AF9DB17_AUTODXT_9F8FBEF84A1997E30FD384955E3D8__34172882E1B5049D9427774AD14190A3EA6C7A2D.udd" 467
"C:/Users/David/AppData/Local/UnrealEngine/Common/DerivedDataCache/2/4/6/TEXTURE_75F87CE100B546AAB8A1C4132AF9DB17_AUTODXT_9F8FBEF84A1997E30FD384955E3D8__3E63A8FE0800E9E764B2D7F69D2EB6F0D621AE2E.udd" 468
"../../../Engine/Content/MobileResources/T_MobileControls_texture.uasset" 469
"C:/Users/David/AppData/Local/UnrealEngine/Common/DerivedDataCache/8/8/5/TEXTURE_75F87CE100B546AAB8A1C4132AF9DB17_AUTODXT_9F8FBEF84A1997E30FD384955E3D8__245208D0A0B00BDC67CE7AB5A065205B2D3B6D77.udd" 470
"C:/Users/David/AppData/Local/UnrealEngine/Common/DerivedDataCache/6/4/6/TEXTURE_75F87CE100B546AAB8A1C4132AF9DB17_AUTODXT_9F8FBEF84A1997E30FD384955E3D8__9911A93DE8F56AE56741BFA50567D011DDD559AF.udd" 471
"C:/Users/David/AppData/Local/UnrealEngine/Common/DerivedDataCache/0/6/5/TEXTURE_75F87CE100B546AAB8A1C4132AF9DB17_AUTODXT_119D9D384F916FB5612DEB85B0124__CB3C93D6A995508198A0694ACBF683ED0EEB966A.udd" 472
"C:/Users/David/AppData/Local/UnrealEngine/Common/DerivedDataCache/8/1/3/TEXTURE_75F87CE100B546AAB8A1C4132AF9DB17_AUTODXT_119D9D384F916FB5612DEB85B0124__239A89CD24F9F30EDB47CCEA3F883D6FDC695D6B.udd" 473
"../../../../../../bp/TreeGenerator/Content/Widgets/VectorDisplay.uasset" 474
"C:/Users/David/AppData/Local/UnrealEngine/Common/DerivedDataCache/9/1/0/TEXTURE_75F87CE100B546AAB8A1C4132AF9DB17_AUTODXT_119D9D384F916FB5612DEB85B0124__05BDFEAE41DC970CF7A45116AF670C381A940378.udd" 475
"C:/Users/David/AppData/Local/UnrealEngine/Common/DerivedDataCache/7/1/2/TEXTURE_75F87CE100B546AAB8A1C4132AF9DB17_AUTODXT_119D9D384F916FB5612DEB85B0124__4BAF888EDDA82599B220AC1B903E9005D4944EFD.udd" 476
"../../../../../../bp/TreeGenerator/Content/Widgets/RootDisplay.uasset" 477
"../../../../../../bp/TreeGenerator/Content/Blueprints/TreeGeneratorPlayerControler.uasset" 478
"../../../../../../bp/TreeGenerator/Content/Textures/target.uasset" 479
"C:/Users/David/AppData/Local/UnrealEngine/Common/DerivedDataCache/9/6/9/TEXTURE_75F87CE100B546AAB8A1C4132AF9DB17_AUTODXT_3489E8264776EE98DF1E54BEFCA6F__ABC6AF2D62F9076535F2B066396664A75709F414.udd" 480
"../../../Engine/Content/Maps/Entry.umap" 481
"../../../Engine/Content/EngineMaterials/DefaultNormal.uasset" 482
"C:/Users/David/AppData/Local/UnrealEngine/Common/DerivedDataCache/6/2/5/TEXTURE_75F87CE100B546AAB8A1C4132AF9DB17_BC5_122003924E39A572EF68B5BAC8A94B51___8A7A5E5463F0DF44EAB313A338F23BE1CC2AD5F9.udd" 483
"C:/Users/David/AppData/Local/UnrealEngine/Common/DerivedDataCache/7/5/5/TEXTURE_75F87CE100B546AAB8A1C4132AF9DB17_BC5_122003924E39A572EF68B5BAC8A94B51___E6C4C74FC6D3CB102372C257853FCEC6B2B10D0F.udd" 484
"C:/Users/David/AppData/Local/UnrealEngine/Common/DerivedDataCache/2/6/8/TEXTURE_75F87CE100B546AAB8A1C4132AF9DB17_BC5_122003924E39A572EF68B5BAC8A94B51___50958A889301EA3902E7B760064FD50CB44A700F.udd" 485
"C:/Users/David/AppData/Local/UnrealEngine/Common/DerivedDataCache/7/8/5/TEXTURE_75F87CE100B546AAB8A1C4132AF9DB17_BC5_122003924E39A572EF68B5BAC8A94B51___FD06E7CE0FB617E787A5C87FEE3E73D0A2F38CE8.udd" 486
"C:/Users/David/AppData/Local/UnrealEngine/Common/DerivedDataCache/4/8/1/TEXTURE_75F87CE100B546AAB8A1C4132AF9DB17_BC5_122003924E39A572EF68B5BAC8A94B51___F8E62C125043D962CC536417B6CC507F7A28C81C.udd" 487
"C:/Users/David/AppData/Local/UnrealEngine/Common/DerivedDataCache/3/2/7/PHYSX_$7B1F0627AE$2DABEB$2D4206$2D8D78$2DE16BEB5DDC7E$7D_PHYSXPC_0AAFF40B4FAB7203B4020BAE163CCAEB__1_0_13075_0.udd" 488
"C:/Users/David/AppData/Local/UnrealEngine/Common/DerivedDataCache/8/4/6/PHYSX_$7B1F0627AE$2DABEB$2D4206$2D8D78$2DE16BEB5DDC7E$7D_PHYSXPC_4A50E68449DA60D60F453A96AE02A9EF__1_0_13075_0.udd" 489
"C:/Users/David/AppData/Local/UnrealEngine/Common/DerivedDataCache/8/1/6/PHYSX_$7B1F0627AE$2DABEB$2D4206$2D8D78$2DE16BEB5DDC7E$7D_PHYSXPC_F6B1D2D0417118DA60DDC7A62F5BCB81__1_0_13075_0.udd" 490
"C:/Users/David/AppData/Local/UnrealEngine/Common/DerivedDataCache/8/0/9/PHYSX_$7B1F0627AE$2DABEB$2D4206$2D8D78$2DE16BEB5DDC7E$7D_PHYSXPC_8FA5EBB1423C9BE31CF6A9B803421839__1_0_13075_0.udd" 491
"../../../../../../bp/TreeGenerator/Content/TreeGeneratorMap.umap" 492
"../../../Engine/Content/EngineSky/BP_Sky_Sphere.uasset" 493
"../../../Engine/Content/EditorBlueprintResources/StandardMacros.uasset" 494
"../../../Engine/Content/EngineSky/C_Sky_Cloud_Color.uasset" 495
"../../../Engine/Content/EngineSky/C_Sky_Horizon_Color.uasset" 496
"../../../Engine/Content/EngineSky/C_Sky_Zenith_Color.uasset" 497
"../../../Engine/Content/EngineSky/M_Sky_Panning_Clouds2.uasset" 498
"../../../Engine/Content/EngineSky/T_Sky_Blue.uasset" 499
"../../../Engine/Content/EngineSky/T_Sky_Clouds_M.uasset" 500
"../../../Engine/Content/EngineSky/T_Sky_Stars.uasset" 501
"../../../Engine/Content/EngineSky/SM_SkySphere.uasset" 502
"../../../../../../bp/TreeGenerator/Content/Blueprints/TreeGeneratorGameModeBP.uasset" 503
"../../../../../../bp/TreeGenerator/Content/Blueprints/TreeBlueprint.uasset" 504
"../../../../../../bp/TreeGenerator/Content/Materials/BaseColor.uasset" 505
"../../../../../../bp/TreeGenerator/Content/Textures/BarkDecidious0083_1_S.uasset" 506
"../../../../../../bp/TreeGenerator/Content/Meshes/Leaf.uasset" 507
"../../../../../../bp/TreeGenerator/Content/Materials/Broadleaf_Desktop_Leaves_Mat.uasset" 508
"../../../Engine/Content/Functions/Engine_MaterialFunctions01/WorldPositionOffset/SimpleGrassWind.uasset" 509
"../../../Engine/Content/Functions/Engine_MaterialFunctions02/WorldPositionOffset/ComponentPivotLocation.uasset" 510
"../../../Engine/Content/Functions/Engine_MaterialFunctions02/WorldPositionOffset/Wind.uasset" 511
"../../../../../../bp/TreeGenerator/Content/Textures/Broadleaf_Desktop_Atlas.uasset" 512
"../../../../../../bp/TreeGenerator/Content/Textures/Broadleaf_Desktop_Atlas_Normal.uasset" 513
"../../../../../../bp/TreeGenerator/Content/Textures/Broadleaf_Desktop_Atlas_Specular.uasset" 514
"../../../../../../bp/TreeGenerator/Content/Meshes/Leaf2.uasset" 515
"../../../../../../bp/TreeGenerator/Content/Blueprints/TreeGeneratorSettingsHUD.uasset" 516
"../../../../../../bp/TreeGenerator/Content/Textures/trash.uasset" 517
"../../../Engine/Content/BasicShapes/BasicShapeMaterial.uasset" 518
"../../../Engine/Content/BasicShapes/Cube.uasset" 519
"C:/Users/David/AppData/Local/UnrealEngine/Common/DerivedDataCache/6/4/2/TEXTURE_75F87CE100B546AAB8A1C4132AF9DB17_AUTODXT_448D83D64D92F14E184FE88142360__9B3C66AEF066FEC3BFBD0855153EC0E9181C611D.udd" 520
"C:/Users/David/AppData/Local/UnrealEngine/Common/DerivedDataCache/0/9/5/TEXTURE_75F87CE100B546AAB8A1C4132AF9DB17_AUTODXT_448D83D64D92F14E184FE88142360__5D109DB7533A79467E347F27C2325F39A2F05CF1.udd" 521
"C:/Users/David/AppData/Local/UnrealEngine/Common/DerivedDataCache/7/1/3/TEXTURE_75F87CE100B546AAB8A1C4132AF9DB17_AUTODXT_448D83D64D92F14E184FE88142360__9246B19F5B3874E6DB8B9197167A5E4862AB3284.udd" 522
"C:/Users/David/AppData/Local/UnrealEngine/Common/DerivedDataCache/4/1/8/TEXTURE_75F87CE100B546AAB8A1C4132AF9DB17_AUTODXT_448D83D64D92F14E184FE88142360__5A83CD766796B7EE3D42E6BA9EAFC4B453C6B409.udd" 523
"C:/Users/David/AppData/Local/UnrealEngine/Common/DerivedDataCache/3/4/2/TEXTURE_75F87CE100B546AAB8A1C4132AF9DB17_AUTODXT_448D83D64D92F14E184FE88142360__954AB89749AE5E80CC231C4AE032F13B5B04CDC3.udd" 524
"C:/Users/David/AppData/Local/UnrealEngine/Common/DerivedDataCache/3/2/1/TEXTURE_75F87CE100B546AAB8A1C4132AF9DB17_AUTODXT_448D83D64D92F14E184FE88142360__1D7E96AF205BFA6E39227FEAE57A06E27FDDEC36.udd" 525
"C:/Users/David/AppData/Local/UnrealEngine/Common/DerivedDataCache/5/0/8/TEXTURE_75F87CE100B546AAB8A1C4132AF9DB17_BGRA8_017E72834BC6A481B9D2E7B57B15158__FC2DBA903979C62841738D0B8005A90ED6E561F9.udd" 526
"C:/Users/David/AppData/Local/UnrealEngine/Common/DerivedDataCache/2/5/2/TEXTURE_75F87CE100B546AAB8A1C4132AF9DB17_BGRA8_017E72834BC6A481B9D2E7B57B15158__092D9EBA6F15880F615801F001D42D0827C580F7.udd" 527
"C:/Users/David/AppData/Local/UnrealEngine/Common/DerivedDataCache/3/0/6/MATSM_85DD00DAF10D45C79D4ED0306AF2628B_PCD3D_SM5_2__BC5N_DEV_SL_NODBUF6B7C81CB__72F0D4DFAF7C8A98EB89DA8CDE71639789A89D58.udd" 528
"C:/Users/David/AppData/Local/UnrealEngine/Common/DerivedDataCache/6/5/1/MATSM_85DD00DAF10D45C79D4ED0306AF2628B_PCD3D_SM4_2__BC5N_DEV_SL_NODBUF6B7C81CB__5B73BF62CE26412FDC6421678FEEC7C3B8F9170A.udd" 529
"C:/Users/David/AppData/Local/UnrealEngine/Common/DerivedDataCache/6/3/5/STATICMESH_46A8778361B442A9523C54440EA1E9D_2C1BC8F50A7A43818AFE266EB43D9060_33__C9626E18FEEA71B421456355E1D36FD74DF68247.udd" 530
"C:/Users/David/AppData/Local/UnrealEngine/Common/DerivedDataCache/8/9/7/MATSM_85DD00DAF10D45C79D4ED0306AF2628B_PCD3D_SM5_2__BC5N_DEV_SL_NODBUFAEE250F5__9E9B98065EBEB5A97DD2E07BF68D60C9B2028B24.udd" 531
"C:/Users/David/AppData/Local/UnrealEngine/Common/DerivedDataCache/5/5/3/MATSM_85DD00DAF10D45C79D4ED0306AF2628B_PCD3D_SM4_2__BC5N_DEV_SL_NODBUFAEE250F5__837293ADB8FC754A4B00D7C5E139B8796651F91A.udd" 532
"C:/Users/David/AppData/Local/UnrealEngine/Common/DerivedDataCache/1/4/8/MATSM_85DD00DAF10D45C79D4ED0306AF2628B_PCD3D_SM5_2__BC5N_DEV_SL_NODBUF26E952EC__E780BAE6A99CEBD49A7EF804EFAB0BFCAB69E6CC.udd" 533
"C:/Users/David/AppData/Local/UnrealEngine/Common/DerivedDataCache/7/7/9/MATSM_85DD00DAF10D45C79D4ED0306AF2628B_PCD3D_SM4_2__BC5N_DEV_SL_NODBUF26E952EC__DC1C887663E7404BD8777BF1A278155C38E83009.udd" 534
"C:/Users/David/AppData/Local/UnrealEngine/Common/DerivedDataCache/2/0/5/STATICMESH_46A8778361B442A9523C54440EA1E9D_2C1BC8F50A7A43818AFE266EB43D9060_AE__3BA107530EEDCF32878B308C5E1F54D516983682.udd" 535
"C:/Users/David/AppData/Local/UnrealEngine/Common/DerivedDataCache/2/7/3/PHYSX_$7B1F0627AE$2DABEB$2D4206$2D8D78$2DE16BEB5DDC7E$7D_PHYSXPC_DDDEB9634D742__F2E427B0D41D76C74E8683109F1A286C82B004D0.udd" 536
"C:/Users/David/AppData/Local/UnrealEngine/Common/DerivedDataCache/0/7/9/STATICMESH_46A8778361B442A9523C54440EA1E9D_2C1BC8F50A7A43818AFE266EB43D9060_0F__9F4A852980CD5D85118D70DDF5AEDB66152015E4.udd" 537
"C:/Users/David/AppData/Local/UnrealEngine/Common/DerivedDataCache/4/6/2/PHYSX_$7B1F0627AE$2DABEB$2D4206$2D8D78$2DE16BEB5DDC7E$7D_PHYSXPC_41EFEC7B49E58__872057AD7211ECD40C8DB297BD81674AE16CF5CD.udd" 538
"C:/Users/David/AppData/Local/UnrealEngine/Common/DerivedDataCache/1/9/6/TEXTURE_75F87CE100B546AAB8A1C4132AF9DB17_BGRA8_017E72834BC6A481B9D2E7B57B15158__6A31F835B1F8BC90A9700D095E69D1E2F3B790EB.udd" 539
"C:/Users/David/AppData/Local/UnrealEngine/Common/DerivedDataCache/1/1/8/TEXTURE_75F87CE100B546AAB8A1C4132AF9DB17_BGRA8_017E72834BC6A481B9D2E7B57B15158__2A11E0324BE45059C06414F1C6E725D4CCB4A5BA.udd" 540
"C:/Users/David/AppData/Local/UnrealEngine/Common/DerivedDataCache/3/6/4/TEXTURE_75F87CE100B546AAB8A1C4132AF9DB17_BGRA8_017E72834BC6A481B9D2E7B57B15158__1BCACE7195CBFEB3955D4A1192CAF18CB4C9C2D2.udd" 541
"C:/Users/David/AppData/Local/UnrealEngine/Common/DerivedDataCache/2/8/5/TEXTURE_75F87CE100B546AAB8A1C4132AF9DB17_BGRA8_017E72834BC6A481B9D2E7B57B15158__473093D86C299CF17206316DDFB82BF50410CFD4.udd" 542
"C:/Users/David/AppData/Local/UnrealEngine/Common/DerivedDataCache/9/1/2/TEXTURE_75F87CE100B546AAB8A1C4132AF9DB17_AUTODXT_52640BB9425F976C53CF3FA787E7A__3FFD9531D6D79D669914553CA7F93F5F2C2E54AE.udd" 543
"C:/Users/David/AppData/Local/UnrealEngine/Common/DerivedDataCache/8/4/2/TEXTURE_75F87CE100B546AAB8A1C4132AF9DB17_AUTODXT_52640BB9425F976C53CF3FA787E7A__6301A7A4C024DA82A23EA0FACDA73C084C56E910.udd" 544
"C:/Users/David/AppData/Local/UnrealEngine/Common/DerivedDataCache/3/5/9/TEXTURE_75F87CE100B546AAB8A1C4132AF9DB17_AUTODXT_52640BB9425F976C53CF3FA787E7A__D460DE19DB58CB899F51F09BB9722FA445D68A9D.udd" 545
"C:/Users/David/AppData/Local/UnrealEngine/Common/DerivedDataCache/6/2/5/TEXTURE_75F87CE100B546AAB8A1C4132AF9DB17_AUTODXT_52640BB9425F976C53CF3FA787E7A__ACF065559395A407CE0138CF2AD0B61B2A733795.udd" 546
"C:/Users/David/AppData/Local/UnrealEngine/Common/DerivedDataCache/6/6/5/TEXTURE_75F87CE100B546AAB8A1C4132AF9DB17_AUTODXT_7DA10E4E4E5017B58E00CCAC4979E__1EDFEAF0C1A00E1FE87D67CECE92565112B7C5FD.udd" 547
"C:/Users/David/AppData/Local/UnrealEngine/Common/DerivedDataCache/3/2/7/TEXTURE_75F87CE100B546AAB8A1C4132AF9DB17_AUTODXT_1248E6E549FB4B76289E5A9A15FFE__E18E7FF0635857B9A36754DBD3EB299A4D067530.udd" 548
"C:/Users/David/AppData/Local/UnrealEngine/Common/DerivedDataCache/5/1/7/TEXTURE_75F87CE100B546AAB8A1C4132AF9DB17_AUTODXT_1248E6E549FB4B76289E5A9A15FFE__EB007110F7E80FB8098F5CDAA6B9358E72D1FFD8.udd" 549
"C:/Users/David/AppData/Local/UnrealEngine/Common/DerivedDataCache/5/7/3/STATICMESH_46A8778361B442A9523C54440EA1E9D_2C1BC8F50A7A43818AFE266EB43D9060_6D__274F27BBC1C3B8557E6A6BDC37851F3CA737F6BF.udd" 550
"C:/Users/David/AppData/Local/UnrealEngine/Common/DerivedDataCache/5/3/3/PHYSX_$7B1F0627AE$2DABEB$2D4206$2D8D78$2DE16BEB5DDC7E$7D_PHYSXPC_C33D81C24393A__047B8DBB36CDFF2C5A6F72C7A97CDFE16DC32F16.udd" 551
"C:/Users/David/AppData/Local/UnrealEngine/Common/DerivedDataCache/8/1/7/MATSM_85DD00DAF10D45C79D4ED0306AF2628B_PCD3D_SM5_2__BC5N_DEV_SL_NODBUF733C4DD6__CCC30B65C9C9A89DC148CAE7DC2E3297E2759A81.udd" 552
"C:/Users/David/AppData/Local/UnrealEngine/Common/DerivedDataCache/5/1/3/MATSM_85DD00DAF10D45C79D4ED0306AF2628B_PCD3D_SM4_2__BC5N_DEV_SL_NODBUF733C4DD6__CA3C673C532F404BC9B470B82EC2C92AAB78690F.udd" 553
"C:/Users/David/AppData/Local/UnrealEngine/Common/DerivedDataCache/8/4/3/TEXTURE_75F87CE100B546AAB8A1C4132AF9DB17_AUTODXT_1248E6E549FB4B76289E5A9A15FFE__433BEDFC7135F88B4B8086AA4C8AFBC59A66C3A0.udd" 554
"C:/Users/David/AppData/Local/UnrealEngine/Common/DerivedDataCache/2/6/7/TEXTURE_75F87CE100B546AAB8A1C4132AF9DB17_AUTODXT_1248E6E549FB4B76289E5A9A15FFE__58E0DD55452397F4979256A7E649490EEA59214B.udd" 555
"C:/Users/David/AppData/Local/UnrealEngine/Common/DerivedDataCache/1/8/9/TEXTURE_75F87CE100B546AAB8A1C4132AF9DB17_AUTODXT_1248E6E549FB4B76289E5A9A15FFE__B924CC1B1C363B5604C6CAEF2B1A6E0EF89BFC59.udd" 556
"C:/Users/David/AppData/Local/UnrealEngine/Common/DerivedDataCache/4/0/7/TEXTURE_75F87CE100B546AAB8A1C4132AF9DB17_AUTODXT_1248E6E549FB4B76289E5A9A15FFE__48E06E74E19F0342B1DC42DE327769640969840C.udd" 557
"C:/Users/David/AppData/Local/UnrealEngine/Common/DerivedDataCache/9/9/1/TEXTURE_75F87CE100B546AAB8A1C4132AF9DB17_BC5_1D6F071E432C889E06E75CA31CBE2D76___E1548661A5DFACA5E0F77D7C59A550E997907FE9.udd" 558
"C:/Users/David/AppData/Local/UnrealEngine/Common/DerivedDataCache/1/2/7/TEXTURE_75F87CE100B546AAB8A1C4132AF9DB17_BC5_1D6F071E432C889E06E75CA31CBE2D76___1CD4B214771A463B95C7F6109DFC4D9CDDC78FE8.udd" 559
"C:/Users/David/AppData/Local/UnrealEngine/Common/DerivedDataCache/2/9/1/TEXTURE_75F87CE100B546AAB8A1C4132AF9DB17_BC5_1D6F071E432C889E06E75CA31CBE2D76___5737F475B275C1FBE908D0AD5CECC2E1F4C871D4.udd" 560
"C:/Users/David/AppData/Local/UnrealEngine/Common/DerivedDataCache/5/6/1/TEXTURE_75F87CE100B546AAB8A1C4132AF9DB17_BC5_1D6F071E432C889E06E75CA31CBE2D76___153D2E919D600C18B909702664F879B899A41C2F.udd" 561
"C:/Users/David/AppData/Local/UnrealEngine/Common/DerivedDataCache/9/5/7/TEXTURE_75F87CE100B546AAB8A1C4132AF9DB17_BC5_1D6F071E432C889E06E75CA31CBE2D76___5339F51A549C4064ECC8E2A36366675939F0FD95.udd" 562
"C:/Users/David/AppData/Local/UnrealEngine/Common/DerivedDataCache/8/7/8/TEXTURE_75F87CE100B546AAB8A1C4132AF9DB17_BC5_1D6F071E432C889E06E75CA31CBE2D76___638D91FF4A821C62C0619BAA0086DF0BA4C863EE.udd" 563
"C:/Users/David/AppData/Local/UnrealEngine/Common/DerivedDataCache/4/0/7/TEXTURE_75F87CE100B546AAB8A1C4132AF9DB17_AUTODXT_7EC135EA43A8C235FDBDFEB18D2B9__9B16AF6950470E2EF2257B185E8A786392DE9FB4.udd" 564
"C:/Users/David/AppData/Local/UnrealEngine/Common/DerivedDataCache/7/2/0/TEXTURE_75F87CE100B546AAB8A1C4132AF9DB17_AUTODXT_7EC135EA43A8C235FDBDFEB18D2B9__925E3D87C9A77596872E04C523427A045A8EC8D6.udd" 565
"C:/Users/David/AppData/Local/UnrealEngine/Common/DerivedDataCache/4/2/2/TEXTURE_75F87CE100B546AAB8A1C4132AF9DB17_AUTODXT_7EC135EA43A8C235FDBDFEB18D2B9__8AEDE93FABB632B5CC9230C0A3D1D95263E9C5A6.udd" 566
"C:/Users/David/AppData/Local/UnrealEngine/Common/DerivedDataCache/3/0/2/TEXTURE_75F87CE100B546AAB8A1C4132AF9DB17_AUTODXT_7EC135EA43A8C235FDBDFEB18D2B9__D9D0919302DF587E5F44437F4A1A963684115639.udd" 567
"C:/Users/David/AppData/Local/UnrealEngine/Common/DerivedDataCache/4/7/1/TEXTURE_75F87CE100B546AAB8A1C4132AF9DB17_AUTODXT_7EC135EA43A8C235FDBDFEB18D2B9__84C6AB2650B9AA4F99DB9D4AA36E93BB46AB0C31.udd" 568
"C:/Users/David/AppData/Local/UnrealEngine/Common/DerivedDataCache/4/1/7/TEXTURE_75F87CE100B546AAB8A1C4132AF9DB17_AUTODXT_7EC135EA43A8C235FDBDFEB18D2B9__8BA280A116DA5788E5CD2B1C507D7EBB7B13D074.udd" 569
"C:/Users/David/AppData/Local/UnrealEngine/Common/DerivedDataCache/6/4/5/TEXTURE_75F87CE100B546AAB8A1C4132AF9DB17_AUTODXT_10E638F54350076E53FD46A9EDC6F__9F507D8C5F4307C77745BFAFAD18D07C78413CCA.udd" 570
"C:/Users/David/AppData/Local/UnrealEngine/Common/DerivedDataCache/7/9/4/TEXTURE_75F87CE100B546AAB8A1C4132AF9DB17_AUTODXT_10E638F54350076E53FD46A9EDC6F__619057462092ED5D6DB59363B0C6F7B9E8CD69A9.udd" 571
"C:/Users/David/AppData/Local/UnrealEngine/Common/DerivedDataCache/9/3/8/TEXTURE_75F87CE100B546AAB8A1C4132AF9DB17_AUTODXT_14D283F94667B743FF4AEDA669B37__A2B4864CCC9D550333990DBBFE54F8575E4B9B6B.udd" 572
"C:/Users/David/AppData/Local/UnrealEngine/Common/DerivedDataCache/7/1/4/TEXTURE_75F87CE100B546AAB8A1C4132AF9DB17_AUTODXT_14D283F94667B743FF4AEDA669B37__F13A33A0A82E7DE99ABE70E447BA2B4F66C496CB.udd" 573
"C:/Users/David/AppData/Local/UnrealEngine/Common/DerivedDataCache/7/1/2/TEXTURE_75F87CE100B546AAB8A1C4132AF9DB17_AUTODXT_6391DC6248231A7AC56172BB447C2__9CE6C6FD8B7C26547D2F9FDFA145A89145BE72CB.udd" 574
"C:/Users/David/AppData/Local/UnrealEngine/Common/DerivedDataCache/8/7/6/TEXTURE_75F87CE100B546AAB8A1C4132AF9DB17_BGRA8_F44073024979C3B8260725AAF2F76ED__526AF7A305E36DAE2AB86EBDB10F4ECE08051436.udd" 575
"C:/Users/David/AppData/Local/UnrealEngine/Common/DerivedDataCache/9/8/6/TEXTURE_75F87CE100B546AAB8A1C4132AF9DB17_BGRA8_F44073024979C3B8260725AAF2F76ED__8552C2B3ACD652D978329044406F804BC033A9DB.udd" 576
"C:/Users/David/AppData/Local/UnrealEngine/Common/DerivedDataCache/6/1/7/TEXTURE_75F87CE100B546AAB8A1C4132AF9DB17_BGRA8_CF022D50460B7B7DB2FB2A83B9285C2__696477A9C497237FCD3BEAC5EEF731EA1301B523.udd" 577
"C:/Users/David/AppData/Local/UnrealEngine/Common/DerivedDataCache/2/4/1/TEXTURE_75F87CE100B546AAB8A1C4132AF9DB17_BGRA8_672DF1414B5D5B53561F0C8FC61CD7C__B88D4F9C07E2B8F900B86D855DDA68CBA636004F.udd" 578
"C:/Users/David/AppData/Local/UnrealEngine/Common/DerivedDataCache/9/8/7/TEXTURE_75F87CE100B546AAB8A1C4132AF9DB17_BGRA8_672DF1414B5D5B53561F0C8FC61CD7C__96560DA9D1C1CA348015BFE105DD07E2C173B567.udd" 579
"C:/Users/David/AppData/Local/UnrealEngine/Common/DerivedDataCache/4/4/1/TEXTURE_75F87CE100B546AAB8A1C4132AF9DB17_BGRA8_8719F9DC4F747C1B04FC21B9D440408__7EC8EB6F1D1E445B157FC8DCCFC95CF5644AAD3F.udd" 580
"C:/Users/David/AppData/Local/UnrealEngine/Common/DerivedDataCache/1/9/6/TEXTURE_75F87CE100B546AAB8A1C4132AF9DB17_AUTODXT_F72A780E45DAFF8E9F930BBA6B33D__D79EA3B08B22D1A94018E464DF0083D5AA036ADD.udd" 581
"C:/Users/David/AppData/Local/UnrealEngine/Common/DerivedDataCache/0/7/5/TEXTURE_75F87CE100B546AAB8A1C4132AF9DB17_AUTODXT_F72A780E45DAFF8E9F930BBA6B33D__588574D0DA6E13D83573B90E63346337C0328F86.udd" 582
"C:/Users/David/AppData/Local/UnrealEngine/Common/DerivedDataCache/2/4/4/TEXTURE_75F87CE100B546AAB8A1C4132AF9DB17_AUTODXT_64C59BBD4F0371D0242187844F67E__79454DA41A2C9F88FDA351898FA18367DE8800B2.udd" 583
"C:/Users/David/AppData/Local/UnrealEngine/Common/DerivedDataCache/8/7/6/TEXTURE_75F87CE100B546AAB8A1C4132AF9DB17_AUTODXT_4A83BFFE4A23CFA00808D6B7C82E9__54DA89CF0FAB8B0D43B9C117D100F984CA67DA30.udd" 584
"C:/Users/David/AppData/Local/UnrealEngine/Common/DerivedDataCache/1/1/4/TEXTURE_75F87CE100B546AAB8A1C4132AF9DB17_AUTODXT_4A83BFFE4A23CFA00808D6B7C82E9__AEB5408B09BAEC0587CB7F06728AA3C7683AE8DE.udd" 585
"C:/Users/David/AppData/Local/UnrealEngine/Common/DerivedDataCache/7/3/6/TEXTURE_75F87CE100B546AAB8A1C4132AF9DB17_AUTODXT_72C02E1246AE320652E7DDB66564D__361DD968EDEE950CBF4D648BF23B7B5F239C4079.udd" 586
"C:/Users/David/AppData/Local/UnrealEngine/Common/DerivedDataCache/0/9/9/TEXTURE_75F87CE100B546AAB8A1C4132AF9DB17_DXT1_9B8353C94600EBD0A014C9B4182D1F6F__DA59E2C69F44F7DB906E5AC4D0EC7BEB3787421C.udd" 587
"C:/Users/David/AppData/Local/UnrealEngine/Common/DerivedDataCache/6/9/7/TEXTURE_75F87CE100B546AAB8A1C4132AF9DB17_DXT1_9B8353C94600EBD0A014C9B4182D1F6F__566C2AB63C0641A44007B979DCD5D4856F3AFFC8.udd" 588
"C:/Users/David/AppData/Local/UnrealEngine/Common/DerivedDataCache/3/9/5/TEXTURE_75F87CE100B546AAB8A1C4132AF9DB17_DXT1_710953AC41BC7E8632310DB50F6F29AE__2818C3AB78122E640E65A6DC5C562F8B140F17AB.udd" 589
"../../../Engine/Content/EditorResources/EmptyActor.uasset" 590
"C:/Users/David/AppData/Local/UnrealEngine/Common/DerivedDataCache/7/4/2/TEXTURE_75F87CE100B546AAB8A1C4132AF9DB17_BGRA8_9E839E0E4933277AAB67FB869C14F9A__17735B69063318201AF66A9A6982DE8E3B3C375E.udd" 591
"C:/Users/David/AppData/Local/UnrealEngine/Common/DerivedDataCache/9/9/1/TEXTURE_75F87CE100B546AAB8A1C4132AF9DB17_BGRA8_9E839E0E4933277AAB67FB869C14F9A__B877D845D9C3DA33886463E13740F6881CBC51B1.udd" 592
"C:/Users/David/AppData/Local/UnrealEngine/Common/DerivedDataCache/0/2/8/TEXTURE_75F87CE100B546AAB8A1C4132AF9DB17_BGRA8_9E839E0E4933277AAB67FB869C14F9A__7A4724064E75FD61F51FC0949CC32B0FBAEA0B3F.udd" 593
"../../../../../../bp/TreeGenerator/Content/Textures/Leaf2Alpha.uasset" 594
"C:/Users/David/AppData/Local/UnrealEngine/Common/DerivedDataCache/4/3/2/TEXTURE_75F87CE100B546AAB8A1C4132AF9DB17_BGRA8_02FD971A4B96A99E95D71E929E145C3__BC7A6E793F68B6981EFBC0DF0B18D353E1615ADA.udd" 595
"../../../../../../bp/TreeGenerator/Content/Textures/Leaf2.uasset" 596
"C:/Users/David/AppData/Local/UnrealEngine/Common/DerivedDataCache/6/4/3/TEXTURE_75F87CE100B546AAB8A1C4132AF9DB17_BGRA8_35CB97ED49B1EEB1E28953AA8275551__834052E4F4ED227528D978D5FF376A4F899F4650.udd" 597
"../../../../../../bp/TreeGenerator/Content/Textures/Leaf1Alfa.uasset" 598
"../../../../../../bp/TreeGenerator/Content/Textures/Leaf1.uasset" 599
"C:/Users/David/AppData/Local/UnrealEngine/Common/DerivedDataCache/5/3/6/TEXTURE_75F87CE100B546AAB8A1C4132AF9DB17_BGRA8_531FA5A149DF73FFDB516889ECF6EC6__B9C55C06D246C0D895220196848CCD1BDC2FE8BC.udd" 600
"../../../../../../bp/TreeGenerator/Content/Textures/Broadleaf_Desktop_Atlas_Billboards_Normal.uasset" 601
"C:/Users/David/AppData/Local/UnrealEngine/Common/DerivedDataCache/0/7/4/TEXTURE_75F87CE100B546AAB8A1C4132AF9DB17_BGRA8_66BC016C4E03B70BD9001FBE09A42C7__FDA9ED9D70445A138C537FC463AFB63DE0C7DF01.udd" 602
"C:/Users/David/AppData/Local/UnrealEngine/Common/DerivedDataCache/9/9/9/TEXTURE_75F87CE100B546AAB8A1C4132AF9DB17_BC5_A71591694F338E3A4D7E60AC6C40D0F6___7EB438507278FA13893906857BC87D105E3FB996.udd" 603
"../../../../../../bp/TreeGenerator/Content/Textures/Broadleaf_Desktop_Atlas_Billboards.uasset" 604
"C:/Users/David/AppData/Local/UnrealEngine/Common/DerivedDataCache/2/2/8/TEXTURE_75F87CE100B546AAB8A1C4132AF9DB17_BC5_A71591694F338E3A4D7E60AC6C40D0F6___E9FE1177995CC7523E72490CB9BB932668A57EBD.udd" 605
"../../../../../../bp/TreeGenerator/Content/Meshes/plane2.uasset" 606
"../../../../../../bp/TreeGenerator/Content/Materials/Leaf2.uasset" 607
"C:/Users/David/AppData/Local/UnrealEngine/Common/DerivedDataCache/7/3/0/TEXTURE_75F87CE100B546AAB8A1C4132AF9DB17_BC5_A71591694F338E3A4D7E60AC6C40D0F6___8F697145CCE5D6DB3ADF96A9361B80968533352F.udd" 608
"C:/Users/David/AppData/Local/UnrealEngine/Common/DerivedDataCache/5/0/0/TEXTURE_75F87CE100B546AAB8A1C4132AF9DB17_BC5_A71591694F338E3A4D7E60AC6C40D0F6___BDDC2F18513E5A2FB2145A32A6919DC62D507BDA.udd" 609
"C:/Users/David/AppData/Local/UnrealEngine/Common/DerivedDataCache/1/1/9/TEXTURE_75F87CE100B546AAB8A1C4132AF9DB17_BC5_A71591694F338E3A4D7E60AC6C40D0F6___03922BC1C4D2B5C0EE1648E4B476EB1340A6A75E.udd" 610
"C:/Users/David/AppData/Local/UnrealEngine/Common/DerivedDataCache/8/4/2/TEXTURE_75F87CE100B546AAB8A1C4132AF9DB17_AUTODXT_E54863274553BEA2CE219692E6A1A__C58456C3FCA3C4BE5D8281C5330BBB12549DEB00.udd" 611
"C:/Users/David/AppData/Local/UnrealEngine/Common/DerivedDataCache/9/6/1/STATICMESH_46A8778361B442A9523C54440EA1E9D_2C1BC8F50A7A43818AFE266EB43D9060_D2__0D0C768C4F5AF7740117ECAA707F8D6D34F71012.udd" 612
"C:/Users/David/AppData/Local/UnrealEngine/Common/DerivedDataCache/9/2/9/PHYSX_$7B1F0627AE$2DABEB$2D4206$2D8D78$2DE16BEB5DDC7E$7D_PHYSXPC_4C8FCDEC4CE32__3CF2FD8F2FFF088C74443DBDCCC0F768DFDF1C7D.udd" 613
"C:/Users/David/AppData/Local/UnrealEngine/Common/DerivedDataCache/4/5/1/TEXTURE_75F87CE100B546AAB8A1C4132AF9DB17_AUTODXT_E54863274553BEA2CE219692E6A1A__0572921B44DCA0A2702BBE62606E11F16DA466F1.udd" 614
"C:/Users/David/AppData/Local/UnrealEngine/Common/DerivedDataCache/4/3/2/TEXTURE_75F87CE100B546AAB8A1C4132AF9DB17_AUTODXT_E54863274553BEA2CE219692E6A1A__A89B0073694F137F5301257404BA6055DA87942C.udd" 615
"C:/Users/David/AppData/Local/UnrealEngine/Common/DerivedDataCache/0/8/5/TEXTURE_75F87CE100B546AAB8A1C4132AF9DB17_AUTODXT_E54863274553BEA2CE219692E6A1A__E7455EB5A703D7F17B3523AC6A53E600D113D7BF.udd" 616
"C:/Users/David/AppData/Local/UnrealEngine/Common/DerivedDataCache/0/2/3/TEXTURE_75F87CE100B546AAB8A1C4132AF9DB17_AUTODXT_E54863274553BEA2CE219692E6A1A__C9C9ABBD35CBEA5333508AD03B1DC905438AAAFE.udd" 617
"C:/Users/David/AppData/Local/UnrealEngine/Common/DerivedDataCache/6/9/3/MATSM_85DD00DAF10D45C79D4ED0306AF2628B_PCD3D_SM5_2__BC5N_DEV_SL_NODBUFF99A138F__F9BADACEB9A2F89A3CF470AB5D483B7A4EDCD971.udd" 618
"C:/Users/David/AppData/Local/UnrealEngine/Common/DerivedDataCache/1/5/1/MATSM_85DD00DAF10D45C79D4ED0306AF2628B_PCD3D_SM4_2__BC5N_DEV_SL_NODBUFF99A138F__41F04AB384797158623DC71A99BA25A0EACCDEDE.udd" 619
"../../../../../../bp/TreeGenerator/Content/Meshes/plane.uasset" 620
"../../../../../../bp/TreeGenerator/Content/Materials/Leaf1.uasset" 621
"C:/Users/David/AppData/Local/UnrealEngine/Common/DerivedDataCache/2/5/0/PHYSX_$7B1F0627AE$2DABEB$2D4206$2D8D78$2DE16BEB5DDC7E$7D_PHYSXPC_6F98F5ED4118E__F76C3C1D16C91E1F7EA6DE0198A236EE5D0A195E.udd" 622
"C:/Users/David/AppData/Local/UnrealEngine/Common/DerivedDataCache/9/2/9/MATSM_85DD00DAF10D45C79D4ED0306AF2628B_PCD3D_SM5_2__BC5N_DEV_SL_NODBUF4D7E82D3__CF0D67491A992A74488E61CE3CE21F953059598A.udd" 623
"C:/Users/David/AppData/Local/UnrealEngine/Common/DerivedDataCache/4/7/0/MATSM_85DD00DAF10D45C79D4ED0306AF2628B_PCD3D_SM4_2__BC5N_DEV_SL_NODBUF4D7E82D3__0C7FEDDD287CFFE8ABEC7BDDA4CED81E402C74F0.udd" 624
"../../../../../../bp/TreeGenerator/Content/Meshes/Broadleaf_Desktop_Leaves_Mat.uasset" 625
"../../../../../../bp/TreeGenerator/Content/Meshes/ball.uasset" 626
"C:/Users/David/AppData/Local/UnrealEngine/Common/DerivedDataCache/4/4/1/STATICMESH_46A8778361B442A9523C54440EA1E9D_2C1BC8F50A7A43818AFE266EB43D9060_A5__1F4B788E7AF18CD3CFCCFA960AA9E39335EE11D3.udd" 627
"C:/Users/David/AppData/Local/UnrealEngine/Common/DerivedDataCache/2/1/6/PHYSX_$7B1F0627AE$2DABEB$2D4206$2D8D78$2DE16BEB5DDC7E$7D_PHYSXPC_14C680AD4F631__9984F94779E21E08089F212A2D16EB32751B329B.udd" 628
"../../../../../../bp/TreeGenerator/Content/Blueprints/TreeGeneratorGameMode.uasset" 629
"../../../../../../bp/TreeGenerator/Content/Blueprints/Test.uasset" 630
