Log file open, 03/29/15 11:30:28
LogInit:Display: No sandbox specified, assuming ../../../../../Program Files/Epic Games/4.7/../../../Dokumenty/Unreal Projects/TreeGenerator/Saved/Cooked/WindowsNoEditor
LogInit: Version: 4.7.3-2479750+++depot+UE4-Releases+4.7
LogInit: API Version: 2455222
LogInit: Compiled (64-bit): Mar 15 2015 23:15:17
LogInit: Compiled with Visual C++: 18.00.21005.01
LogInit: Build Configuration: DebugGame
LogInit: Branch Name: ++depot+UE4-Releases+4.7
LogInit: Command line: 
LogInit: Base directory: D:/Dokumenty/Unreal Projects/TreeGenerator/Binaries/Win64/
LogInit: Rocket: 1
[2015.03.29-09.30.28:132][  0]LogTaskGraph: Started task graph with 3 named threads and 6 total threads.
[2015.03.29-09.30.28:178][  0]LogOnline:Warning: No default platform service specified for OnlineSubsystem
[2015.03.29-09.30.28:178][  0]LogInit: Presizing for 0 objects not considered by GC, pre-allocating 0 bytes.
[2015.03.29-09.30.28:184][  0]LogInit: Object subsystem initialized
[2015.03.29-09.30.28:186][  0]LogConsoleResponse:Warning: Skipping Unknown console variable: 'TranslucentSortAxis = (X=0.000000,Y=-1.000000,Z=0.000000)'
[2015.03.29-09.30.28:187][  0]LogConsoleResponse:Warning:   Found in ini file 'D:/Dokumenty/Unreal Projects/TreeGenerator/Saved/Config/WindowsNoEditor/Engine.ini', in section '[/Script/Engine.RendererSettings]'
[2015.03.29-09.30.28:187][  0]LogConsoleResponse:Warning: Skipping Unknown console variable: 'UIScaleRule = ShortestSide'
[2015.03.29-09.30.28:187][  0]LogConsoleResponse:Warning:   Found in ini file 'D:/Dokumenty/Unreal Projects/TreeGenerator/Saved/Config/WindowsNoEditor/Engine.ini', in section '[/Script/Engine.RendererSettings]'
[2015.03.29-09.30.28:188][  0]LogConsoleResponse:Warning: Skipping Unknown console variable: 'UIScaleCurve = (EditorCurveData=(Keys=),ExternalCurve=None)'
[2015.03.29-09.30.28:188][  0]LogConsoleResponse:Warning:   Found in ini file 'D:/Dokumenty/Unreal Projects/TreeGenerator/Saved/Config/WindowsNoEditor/Engine.ini', in section '[/Script/Engine.RendererSettings]'
[2015.03.29-09.30.28:197][  0]LogInit: Selected Device Profile: [WindowsNoEditor]
[2015.03.29-09.30.28:197][  0]LogInit: Applying CVar settings loaded from the selected device profile: [WindowsNoEditor]
[2015.03.29-09.30.28:222][  0]LogInit: Computer: AMATEURCZ-I7
[2015.03.29-09.30.28:222][  0]LogInit: User: David
[2015.03.29-09.30.28:222][  0]LogInit: CPU Page size=4096, Cores=4
[2015.03.29-09.30.28:222][  0]LogInit: High frequency timer resolution =3.410074 MHz
[2015.03.29-09.30.28:223][  0]LogMemory: Memory total: Physical=15.9GB (16GB approx) Virtual=131072.0GB
[2015.03.29-09.30.28:223][  0]LogMemory: Platform Memory Stats for WindowsNoEditor
[2015.03.29-09.30.28:224][  0]LogMemory: Process Physical Memory: 30.12 MB used, 30.12 MB peak
[2015.03.29-09.30.28:224][  0]LogMemory: Process Virtual Memory: 18.02 MB used, 18.02 MB peak
[2015.03.29-09.30.28:224][  0]LogMemory: Physical Memory: 4781.81 MB used, 16270.91 MB total
[2015.03.29-09.30.28:224][  0]LogMemory: Virtual Memory: 193.51 MB used, 134217728.00 MB total
[2015.03.29-09.30.28:264][  0]LogD3D11RHI: Found D3D11 adapter 0: AMD Radeon R9 200 Series (Feature Level 11_0)
[2015.03.29-09.30.28:264][  0]LogD3D11RHI: Adapter has 2027MB of dedicated video memory, 0MB of dedicated system memory, and 3840MB of shared system memory, 2 output[s]
[2015.03.29-09.30.28:278][  0]LogD3D11RHI: Found D3D11 adapter 1: Intel(R) HD Graphics 4600 (Feature Level 11_0)
[2015.03.29-09.30.28:278][  0]LogD3D11RHI: Adapter has 32MB of dedicated video memory, 0MB of dedicated system memory, and 1760MB of shared system memory, 0 output[s]
[2015.03.29-09.30.28:282][  0]LogD3D11RHI: Found D3D11 adapter 2: Microsoft Basic Render Driver (Feature Level 11_0)
[2015.03.29-09.30.28:282][  0]LogD3D11RHI: Adapter has 0MB of dedicated video memory, 0MB of dedicated system memory, and 256MB of shared system memory, 0 output[s]
[2015.03.29-09.30.28:283][  0]LogD3D11RHI: Chosen D3D11 Adapter Id = 0
[2015.03.29-09.30.28:286][  0]LogRHI: Texture pool is 1361 MB (70% of 1945 MB)
[2015.03.29-09.30.28:300][  0]LogD3D11RHI: Async texture creation disabled: no driver support
[2015.03.29-09.30.28:380][  0]LogTextLocalizationManager: The requested culture ('cs_CZ') has no localization data; falling back to 'en' for localization and internationalization data.
[2015.03.29-09.30.28:381][  0]LogContentStreaming: Texture pool size is 1000.000000MB
[2015.03.29-09.30.28:619][  0]LogLinker:Warning: Unable to load package (../../../../../Program Files/Epic Games/4.7/../../../Dokumenty/Unreal Projects/TreeGenerator/Content/Materials/BaseColor.uasset). Package contains EditorOnly data which is not supported by the current build or vice versa.
[2015.03.29-09.30.28:620][  0]LogLinker:Warning: The file '../../../../../Program Files/Epic Games/4.7/../../../Dokumenty/Unreal Projects/TreeGenerator/Content/Materials/BaseColor.uasset' contains unrecognizable data, check that it is of the expected type.
[2015.03.29-09.30.28:620][  0]LogUObjectGlobals:Warning: Failed to find object 'MaterialInterface /Game/Materials/BaseColor.BaseColor'
[2015.03.29-09.30.28:621][  0]Error: CDO Constructor (TreeGeneratorActor): Failed to find /Game/Materials/BaseColor.BaseColor

[2015.03.29-09.30.29:629][  0]LogUObjectBase:Warning: -------------- Default Property warnings and errors:
[2015.03.29-09.30.29:630][  0]LogUObjectBase:Warning: Error: CDO Constructor (TreeGeneratorActor): Failed to find /Game/Materials/BaseColor.BaseColor

[2015.03.29-09.30.36:146][  0]LogInit: WinSock: version 1.1 (2.2), MaxSocks=32767, MaxUdp=65467
[2015.03.29-09.30.36:352][  0]LogWindowsMoviePlayer: Unable to load movie: ../../../../../Program Files/Epic Games/4.7/../../../Dokumenty/Unreal Projects/TreeGenerator/Content/Movies/Default_Startup.mp4
[2015.03.29-09.30.36:391][  0]LogObj: 20222 objects as part of root set at end of initial load.
[2015.03.29-09.30.36:391][  0]LogUObjectAllocator: 3954312 out of 0 bytes used by permanent object pool.
[2015.03.29-09.30.36:403][  0]LogEngine: Initializing Engine...
[2015.03.29-09.30.38:671][  0]LogInit: XAudio2 using 'Reproduktory (Realtek High Definition Audio)' : 2 channels at 48 kHz using 32 bits per sample (channel mask 0x3)
[2015.03.29-09.30.38:682][  0]LogInit: FAudioDevice initialized.
[2015.03.29-09.30.38:682][  0]LogInit: Texture streaming: Enabled
[2015.03.29-09.30.38:690][  0]LogNet: Browse: /Game/TreeGeneratorMap?Name=Player
[2015.03.29-09.30.38:691][  0]LogLoad: LoadMap: /Game/TreeGeneratorMap?Name=Player
[2015.03.29-09.30.38:697][  0]LogMemory: Platform Memory Stats for WindowsNoEditor
[2015.03.29-09.30.38:698][  0]LogMemory: Process Physical Memory: 103.16 MB used, 103.95 MB peak
[2015.03.29-09.30.38:698][  0]LogMemory: Process Virtual Memory: 66.57 MB used, 71.62 MB peak
[2015.03.29-09.30.38:699][  0]LogMemory: Physical Memory: 5261.16 MB used, 16270.91 MB total
[2015.03.29-09.30.38:699][  0]LogMemory: Virtual Memory: 417.67 MB used, 134217728.00 MB total
[2015.03.29-09.30.38:699][  0]LogMemory: 
[2015.03.29-09.30.38:700][  0]LogMemory: Allocator Stats for binned:
[2015.03.29-09.30.38:700][  0]LogMemory: Current Memory 30.30 MB used, plus 3.32 MB waste
[2015.03.29-09.30.38:700][  0]LogMemory: Peak Memory 40.72 MB used, plus 2.45 MB waste
[2015.03.29-09.30.38:701][  0]LogMemory: Current OS Memory 33.62 MB, peak 43.16 MB
[2015.03.29-09.30.38:701][  0]LogMemory: Current Waste 0.48 MB, peak 0.88 MB
[2015.03.29-09.30.38:701][  0]LogMemory: Current Used 30.31 MB, peak 40.72 MB
[2015.03.29-09.30.38:701][  0]LogMemory: Current Slack 2.84 MB
[2015.03.29-09.30.38:702][  0]LogMemory: Allocs       70389 Current /  970548 Total
[2015.03.29-09.30.38:702][  0]LogMemory: 
[2015.03.29-09.30.38:702][  0]LogMemory: Block Size Num Pools Max Pools Cur Allocs Total Allocs Min Req Max Req Mem Used Mem Slack Mem Waste Efficiency
[2015.03.29-09.30.38:702][  0]LogMemory: ---------- --------- --------- ---------- ------------ ------- ------- -------- --------- --------- ----------
[2015.03.29-09.30.38:703][  0]LogMemory:          8         0         0          0            0       8       0       0K        0K        0K    100.00%
[2015.03.29-09.30.38:703][  0]LogMemory:         16         3         3       8519       233817      16      16     133K       59K        0K    100.00%
[2015.03.29-09.30.38:703][  0]LogMemory:         32         5         5       8657        82562      32      32     270K       50K        0K    100.00%
[2015.03.29-09.30.38:704][  0]LogMemory:         48         4         4       5144        35340      48      48     241K       15K        0K    100.00%
[2015.03.29-09.30.38:704][  0]LogMemory:         64        10        10      10135        70160      64      64     633K        7K        0K    100.00%
[2015.03.29-09.30.38:704][  0]LogMemory:         80         3         3       1739        35109      80      80     135K       57K        0K    100.00%
[2015.03.29-09.30.38:704][  0]LogMemory:         96         4         4       2287        38270      96      96     214K       42K        0K    100.00%
[2015.03.29-09.30.38:704][  0]LogMemory:        112         2         2        898        22047     112     112      98K       30K        0K    100.00%
[2015.03.29-09.30.38:705][  0]LogMemory:        128        29        29      14827        44783     128     128    1853K        3K        0K    100.00%
[2015.03.29-09.30.38:705][  0]LogMemory:        160         8         8       2590        60869     144     160     404K      108K       16K     96.88%
[2015.03.29-09.30.38:705][  0]LogMemory:        192        13        13       4404        95124     176     192     825K        7K       30K     96.39%
[2015.03.29-09.30.38:705][  0]LogMemory:        224         3         3        799        96614     208     224     174K       18K        7K     96.35%
[2015.03.29-09.30.38:705][  0]LogMemory:        256         4         4        944        41472     240     256     236K       20K        8K     96.88%
[2015.03.29-09.30.38:706][  0]LogMemory:        288         5         5        921        31672     272     288     259K       61K        8K     97.50%
[2015.03.29-09.30.38:706][  0]LogMemory:        320         4         4        681        25747     304     320     212K       43K        8K     96.88%
[2015.03.29-09.30.38:706][  0]LogMemory:        384        10        10       1611        14619     336     384     604K       34K       51K     92.03%
[2015.03.29-09.30.38:707][  0]LogMemory:        448        11        11       1573        10036     400     448     688K       15K       35K     95.03%
[2015.03.29-09.30.38:707][  0]LogMemory:        512         9         9       1096         8211     464     512     548K       28K       35K     93.92%
[2015.03.29-09.30.38:707][  0]LogMemory:        576         3         3        232         1881     528     576     130K       61K        8K     95.83%
[2015.03.29-09.30.38:708][  0]LogMemory:        640         2         2        107         1057     592     640      66K       62K        3K     97.66%
[2015.03.29-09.30.38:708][  0]LogMemory:        704         9        10        578         1291     656     704     397K      179K       11K     98.09%
[2015.03.29-09.30.38:708][  0]LogMemory:        768        11        15        750         3441     720     768     562K      140K       19K     97.30%
[2015.03.29-09.30.38:709][  0]LogMemory:        896         5         5        291          671     784     896     254K       66K       18K     94.38%
[2015.03.29-09.30.38:709][  0]LogMemory:       1024         2         3        108          456     912    1024     108K       20K        2K     98.44%
[2015.03.29-09.30.38:709][  0]LogMemory:       1168         2         2         96          423    1040    1168     109K       19K        5K     96.09%
[2015.03.29-09.30.38:709][  0]LogMemory:       1360         6         6        224         3051    1184    1360     297K       86K       19K     95.05%
[2015.03.29-09.30.38:710][  0]LogMemory:       1632         4         4        114          455    1376    1632     181K       74K       15K     94.14%
[2015.03.29-09.30.38:710][  0]LogMemory:       2048         8         8        159          749    1648    2048     318K      194K       31K     93.95%
[2015.03.29-09.30.38:710][  0]LogMemory:       2336         4         4         94         3112    2064    2336     214K       42K       23K     91.02%
[2015.03.29-09.30.38:711][  0]LogMemory:       2720         5         5         96          483    2352    2720     255K       64K       12K     96.25%
[2015.03.29-09.30.38:711][  0]LogMemory:       3264        10        10        145         2195    2736    3264     462K      176K       26K     95.94%
[2015.03.29-09.30.38:711][  0]LogMemory:       4096        10        12        122          618    3280    4096     488K      152K       42K     93.44%
[2015.03.29-09.30.38:712][  0]LogMemory:       4672         7         9         71         1375    4112    4672     323K      125K       11K     97.54%
[2015.03.29-09.30.38:712][  0]LogMemory:       5456        10        13         93          376    4688    5456     495K      145K       45K     92.97%
[2015.03.29-09.30.38:712][  0]LogMemory:       6544        12        13         91          285    5472    6544     581K      186K       48K     93.75%
[2015.03.29-09.30.38:713][  0]LogMemory:       8192         6         6         40          869    6560    8192     320K       64K       23K     94.01%
[2015.03.29-09.30.38:713][  0]LogMemory:       9360         5         5         31           85    8208    9360     283K       37K       16K     95.00%
[2015.03.29-09.30.38:713][  0]LogMemory:      10912         4         4         19          142    9392   10800     202K       54K       20K     92.19%
[2015.03.29-09.30.38:713][  0]LogMemory:      13104         3         3         13           64   10960   13072     166K       26K       10K     94.79%
[2015.03.29-09.30.38:713][  0]LogMemory:      16384         4         7         16          133   13120   16384     256K        0K       17K     93.36%
[2015.03.29-09.30.38:714][  0]LogMemory:      21840        11        11         30           99   16400   21744     639K       65K      108K     84.66%
[2015.03.29-09.30.38:714][  0]LogMemory:      32768         6         8         11           60   21904   32640     352K       32K       76K     80.21%
[2015.03.29-09.30.38:714][  0]LogMemory: 
[2015.03.29-09.30.38:714][  0]LogMemory: 17664K allocated in pools (with 2666K slack and 806K waste). Efficiency 95.44%
[2015.03.29-09.30.38:715][  0]LogMemory: Allocations 70357 Current / 969824 Total (in 276 pools)
[2015.03.29-09.30.38:715][  0]LogMemory: 
[2015.03.29-09.30.38:907][  0]LogWorld: Game class is 'TreeGeneratorGameModeBP_C'
[2015.03.29-09.30.38:910][  0]LogModuleManager:Warning: ModuleManager: Module 'GameplayDebugger' not found - its StaticallyLinkedModuleInitializers function is null.
[2015.03.29-09.30.38:911][  0]LogAIModule: Creating AISystem for world TreeGeneratorMap
[2015.03.29-09.30.38:912][  0]LogWorld: Bringing World /Game/TreeGeneratorMap.TreeGeneratorMap up for play (max tick rate 0) at 2015.03.29-11.30.38
[2015.03.29-09.30.38:913][  0]LogWorld: Bringing up level for play took: 0.001484
[2015.03.29-09.30.38:918][  0]LogInit:Display: Game Engine Initialized.
[2015.03.29-09.30.39:121][  0]LogLoad: Full Startup: 12.70 seconds (BP compile: 0.00 seconds)
[2015.03.29-09.30.39:224][  2]LogRenderer:Warning: Reallocating scene render targets to support 1280x1024 (Frame:2).
[2015.03.29-09.30.48:822][580]LogEngine: All Windows Closed
[2015.03.29-09.30.48:823][580]LogWindows: FPlatformMisc::RequestExit(0)
[2015.03.29-09.30.48:957][581]LogExit: Preparing to exit.
[2015.03.29-09.30.49:036][581]LogExit: Game engine shut down
[2015.03.29-09.30.49:037][581]LogParticles: Destroying 0 GPU particle simulations for FXSystem 0x0000004F0F9DB2C0
[2015.03.29-09.30.49:056][581]LogExit: Object subsystem successfully closed.
[2015.03.29-09.30.49:064][581]LogModuleManager: Shutting down and abandoning module AutomationWorker (48)
[2015.03.29-09.30.49:064][581]LogModuleManager: Shutting down and abandoning module CharacterAI (47)
[2015.03.29-09.30.49:065][581]LogModuleManager: Shutting down and abandoning module AIModule (45)
[2015.03.29-09.30.49:065][581]LogModuleManager: Shutting down and abandoning module GameLiveStreaming (44)
[2015.03.29-09.30.49:065][581]LogModuleManager: Shutting down and abandoning module StreamingPauseRendering (43)
[2015.03.29-09.30.49:066][581]LogModuleManager: Shutting down and abandoning module HTTP (42)
[2015.03.29-09.30.49:066][581]LogModuleManager: Shutting down and abandoning module AnalyticsET (41)
[2015.03.29-09.30.49:067][581]LogModuleManager: Shutting down and abandoning module Analytics (40)
[2015.03.29-09.30.49:068][581]LogModuleManager: Shutting down and abandoning module ProfilerService (39)
[2015.03.29-09.30.49:212][581]LogModuleManager: Shutting down and abandoning module TaskGraph (38)
[2015.03.29-09.30.49:213][581]LogModuleManager: Shutting down and abandoning module SlateRemote (37)
[2015.03.29-09.30.49:213][581]LogModuleManager: Shutting down and abandoning module CustomMeshComponent (36)
[2015.03.29-09.30.49:213][581]LogModuleManager: Shutting down and abandoning module CableComponent (35)
[2015.03.29-09.30.49:213][581]LogModuleManager: Shutting down and abandoning module TreeGenerator (34)
[2015.03.29-09.30.49:214][581]LogModuleManager: Shutting down and abandoning module ScriptPlugin (33)
[2015.03.29-09.30.49:214][581]LogModuleManager: Shutting down and abandoning module UdpMessaging (32)
[2015.03.29-09.30.49:214][581]LogModuleManager: Shutting down and abandoning module Paper2D (31)
[2015.03.29-09.30.49:215][581]LogModuleManager: Shutting down and abandoning module WindowsMoviePlayer (30)
[2015.03.29-09.30.49:219][581]LogModuleManager: Shutting down and abandoning module Media (29)
[2015.03.29-09.30.49:220][581]LogModuleManager: Shutting down and abandoning module WmfMedia (28)
[2015.03.29-09.30.49:222][581]LogModuleManager: Shutting down and abandoning module ImageWrapper (27)
[2015.03.29-09.30.49:223][581]LogModuleManager: Shutting down and abandoning module UMG (26)
[2015.03.29-09.30.49:224][581]LogModuleManager: Shutting down and abandoning module Slate (25)
[2015.03.29-09.30.49:224][581]LogModuleManager: Shutting down and abandoning module SessionServices (24)
[2015.03.29-09.30.49:225][581]LogModuleManager: Shutting down and abandoning module Messaging (23)
[2015.03.29-09.30.49:225][581]LogModuleManager: Shutting down and abandoning module HeadMountedDisplay (22)
[2015.03.29-09.30.49:226][581]LogModuleManager: Shutting down and abandoning module XAudio2 (21)
[2015.03.29-09.30.49:226][581]LogModuleManager: Shutting down and abandoning module Networking (19)
[2015.03.29-09.30.49:228][581]LogModuleManager: Shutting down and abandoning module Core (18)
[2015.03.29-09.30.49:229][581]LogModuleManager: Shutting down and abandoning module InputCore (17)
[2015.03.29-09.30.49:229][581]LogModuleManager: Shutting down and abandoning module OnlineSubsystem (15)
[2015.03.29-09.30.49:230][581]LogModuleManager: Shutting down and abandoning module OculusRift (14)
[2015.03.29-09.30.49:231][581]LogModuleManager: Shutting down and abandoning module ExampleDeviceProfileSelector (13)
[2015.03.29-09.30.49:231][581]LogModuleManager: Shutting down and abandoning module ShaderCore (12)
[2015.03.29-09.30.49:232][581]LogModuleManager: Shutting down and abandoning module Landscape (11)
[2015.03.29-09.30.49:232][581]LogModuleManager: Shutting down and abandoning module SlateRHIRenderer (10)
[2015.03.29-09.30.49:233][581]LogModuleManager: Shutting down and abandoning module OpenGLDrv (9)
[2015.03.29-09.30.49:233][581]LogModuleManager: Shutting down and abandoning module D3D11RHI (8)
[2015.03.29-09.30.49:233][581]LogModuleManager: Shutting down and abandoning module Renderer (7)
[2015.03.29-09.30.49:234][581]LogModuleManager: Shutting down and abandoning module Engine (6)
[2015.03.29-09.30.49:234][581]LogModuleManager: Shutting down and abandoning module CoreUObject (5)
[2015.03.29-09.30.49:234][581]LogModuleManager: Shutting down and abandoning module NetworkFile (4)
[2015.03.29-09.30.49:235][581]LogModuleManager: Shutting down and abandoning module StreamingFile (3)
[2015.03.29-09.30.49:235][581]LogModuleManager: Shutting down and abandoning module SandboxFile (2)
[2015.03.29-09.30.49:235][581]LogModuleManager: Shutting down and abandoning module PakFile (1)
[2015.03.29-09.30.49:238][581]LogExit: Exiting.
[2015.03.29-09.30.49:240][581]Log file closed, 03/29/15 11:30:49
