Log file open, 04/07/15 07:39:29
LogInit:Display: Running engine for game: TreeGenerator
LogInit: Version: 4.7.4-2497108+++depot+UE4-Releases+4.7
LogInit: API Version: 2455222
LogInit: Compiled (64-bit): Mar 31 2015 09:40:25
LogInit: Compiled with Visual C++: 18.00.21005.01
LogInit: Build Configuration: Development
LogInit: Branch Name: ++depot+UE4-Releases+4.7
LogInit: Command line: 
LogInit: Base directory: D:/Program Files/Epic Games/4.7/Engine/Binaries/Win64/
LogInit: Rocket: 1
[2015.04.07-05.39.29:965][  0]LogTaskGraph: Started task graph with 3 named threads and 6 total threads.
[2015.04.07-05.39.30:038][  0]LogOnline:Warning: No default platform service specified for OnlineSubsystem
[2015.04.07-05.39.30:052][  0]LogInit: Presizing for 0 objects not considered by GC, pre-allocating 0 bytes.
[2015.04.07-05.39.30:065][  0]LogInit: Object subsystem initialized
[2015.04.07-05.39.30:068][  0]LogConsoleResponse:Warning: Skipping Unknown console variable: 'TranslucentSortAxis = (X=0.000000,Y=-1.000000,Z=0.000000)'
[2015.04.07-05.39.30:068][  0]LogConsoleResponse:Warning:   Found in ini file 'D:/Dokumenty/Unreal Projects/TreeGenerator/Saved/Config/Windows/Engine.ini', in section '[/Script/Engine.RendererSettings]'
[2015.04.07-05.39.30:068][  0]LogConsoleResponse:Warning: Skipping Unknown console variable: 'UIScaleRule = ShortestSide'
[2015.04.07-05.39.30:068][  0]LogConsoleResponse:Warning:   Found in ini file 'D:/Dokumenty/Unreal Projects/TreeGenerator/Saved/Config/Windows/Engine.ini', in section '[/Script/Engine.RendererSettings]'
[2015.04.07-05.39.30:068][  0]LogConsoleResponse:Warning: Skipping Unknown console variable: 'UIScaleCurve = (EditorCurveData=(Keys=),ExternalCurve=None)'
[2015.04.07-05.39.30:068][  0]LogConsoleResponse:Warning:   Found in ini file 'D:/Dokumenty/Unreal Projects/TreeGenerator/Saved/Config/Windows/Engine.ini', in section '[/Script/Engine.RendererSettings]'
[2015.04.07-05.39.30:068][  0]LogInit: Selected Device Profile: [Windows]
[2015.04.07-05.39.30:068][  0]LogInit: Applying CVar settings loaded from the selected device profile: [Windows]
[2015.04.07-05.39.30:092][  0]LogInit: Computer: AMATEURCZ-I7
[2015.04.07-05.39.30:092][  0]LogInit: User: David
[2015.04.07-05.39.30:092][  0]LogInit: CPU Page size=4096, Cores=4
[2015.04.07-05.39.30:092][  0]LogInit: High frequency timer resolution =3.410072 MHz
[2015.04.07-05.39.30:092][  0]LogMemory: Memory total: Physical=15.9GB (16GB approx) Virtual=131072.0GB
[2015.04.07-05.39.30:092][  0]LogMemory: Platform Memory Stats for Windows
[2015.04.07-05.39.30:092][  0]LogMemory: Process Physical Memory: 46.14 MB used, 46.14 MB peak
[2015.04.07-05.39.30:092][  0]LogMemory: Process Virtual Memory: 24.47 MB used, 24.48 MB peak
[2015.04.07-05.39.30:092][  0]LogMemory: Physical Memory: 2632.75 MB used, 16270.91 MB total
[2015.04.07-05.39.30:092][  0]LogMemory: Virtual Memory: 290.55 MB used, 134217728.00 MB total
[2015.04.07-05.39.30:107][  0]LogD3D11RHI: Found D3D11 adapter 0: AMD Radeon R9 200 Series (Feature Level 11_0)
[2015.04.07-05.39.30:107][  0]LogD3D11RHI: Adapter has 2027MB of dedicated video memory, 0MB of dedicated system memory, and 3840MB of shared system memory, 2 output[s]
[2015.04.07-05.39.30:113][  0]LogD3D11RHI: Found D3D11 adapter 1: Intel(R) HD Graphics 4600 (Feature Level 11_0)
[2015.04.07-05.39.30:113][  0]LogD3D11RHI: Adapter has 32MB of dedicated video memory, 0MB of dedicated system memory, and 1760MB of shared system memory, 0 output[s]
[2015.04.07-05.39.30:114][  0]LogD3D11RHI: Found D3D11 adapter 2: Microsoft Basic Render Driver (Feature Level 11_0)
[2015.04.07-05.39.30:114][  0]LogD3D11RHI: Adapter has 0MB of dedicated video memory, 0MB of dedicated system memory, and 256MB of shared system memory, 0 output[s]
[2015.04.07-05.39.30:114][  0]LogD3D11RHI: Chosen D3D11 Adapter Id = 0
[2015.04.07-05.39.30:118][  0]LogRHI: Texture pool is 1361 MB (70% of 1945 MB)
[2015.04.07-05.39.30:123][  0]LogD3D11RHI: Async texture creation disabled: no driver support
[2015.04.07-05.39.30:178][  0]LogTextLocalizationManager: The requested culture ('cs_CZ') has no localization data; falling back to 'en' for localization and internationalization data.
[2015.04.07-05.39.30:242][  0]LogTextLocalizationManager:Warning: Loading localization resources contain conflicting entries for (Namespace:UICommands, Key:Save_ToolTip):
Resource: (D:/Program Files/Epic Games/4.7/Engine/Content/Localization/Editor/en/Editor.locres) Hash: (-29098895) String: (Saves the current level to disk)
Resource: (D:/Program Files/Epic Games/4.7/Engine/Content/Localization/Engine/en/Engine.locres) Hash: (-1280300587) String: (Save selected data to vlog file)
[2015.04.07-05.39.30:242][  0]LogTextLocalizationManager:Warning: Loading localization resources contain conflicting entries for (Namespace:ContentBrowser, Key:ImportAssetToolTip):
Resource: (D:/Program Files/Epic Games/4.7/Engine/Content/Localization/Editor/en/Editor.locres) Hash: (-630476809) String: (Import to {0}...)
Resource: (D:/Program Files/Epic Games/4.7/Engine/Content/Localization/Editor/en/Editor.locres) Hash: (1271782899) String: (Imports an asset from file to this folder.)
[2015.04.07-05.39.30:305][  0]LogContentStreaming: Texture pool size is 0.000000MB
[2015.04.07-05.39.31:996][  0]LogTargetPlatformManager:Display: Building Assets For Windows
[2015.04.07-05.39.32:418][  0]LogTargetPlatformManager:Display: Building Assets For Windows
[2015.04.07-05.39.32:457][  0]LogDerivedDataCache:Display: Max Cache Size: 512 MB
[2015.04.07-05.39.32:487][  0]LogDerivedDataCache: Loaded boot cache 0.03s 40MB C:/Users/David/AppData/Local/UnrealEngine/4.7/DerivedDataCache/Boot.ddc.
[2015.04.07-05.39.32:487][  0]LogDerivedDataCache:Display: Loaded Boot cache: C:/Users/David/AppData/Local/UnrealEngine/4.7/DerivedDataCache/Boot.ddc
[2015.04.07-05.39.32:487][  0]LogDerivedDataCache: FDerivedDataBackendGraph:  Pak pak cache file ../../../../../../Dokumenty/Unreal Projects/TreeGenerator/DerivedDataCache/DDC.ddp not found, will not use a pak cache.
[2015.04.07-05.39.32:487][  0]LogDerivedDataCache: Unable to find inner node Pak for hierarchical cache Hierarchy.
[2015.04.07-05.39.32:575][  0]LogDerivedDataCache:Display: Pak cache opened for reading ../../../Engine/DerivedDataCache/Compressed.ddp.
[2015.04.07-05.39.32:587][  0]LogDerivedDataCache: Using Local data cache path C:/Users/David/AppData/Local/UnrealEngine/Common/DerivedDataCache: Writable
[2015.04.07-05.39.33:067][  0]LogMeshUtilities: No automatic mesh reduction module available
[2015.04.07-05.39.33:067][  0]LogMeshUtilities: No automatic mesh merging module available
[2015.04.07-05.39.33:405][  0]LogInit: WinSock: version 1.1 (2.2), MaxSocks=32767, MaxUdp=65467
[2015.04.07-05.39.33:450][  0]LogSlate:Warning: Failed to load font data from '../../../Engine/Content/Slate/Fonts/Roboto-Italic.ttf'
[2015.04.07-05.39.33:970][  0]UdpMessaging: Initializing bridge on interface 0.0.0.0:0 to multicast group 230.0.0.1:6666.
[2015.04.07-05.39.34:202][  0]SourceControl: Info Source control is disabled
[2015.04.07-05.39.34:202][  0]SourceControl: Info Source control is disabled
[2015.04.07-05.39.34:202][  0]SourceControl: Info Source control is disabled
[2015.04.07-05.39.34:207][  0]LogSourceControl: RunCommandInternalRaw: 'git version'
[2015.04.07-05.39.34:360][  0]LogSourceControl: RunCommandInternalRaw: ExecProcess ReturnCode=0 OutResults='git version 1.9.5.msysgit.1
'
[2015.04.07-05.39.34:466][  0]LogObj: 24288 objects as part of root set at end of initial load.
[2015.04.07-05.39.34:466][  0]LogUObjectAllocator: 5157672 out of 0 bytes used by permanent object pool.
[2015.04.07-05.39.34:525][  0]LogEngine: Initializing Engine...
[2015.04.07-05.39.36:666][  0]LogInit: XAudio2 using 'Reproduktory (Realtek High Definition Audio)' : 2 channels at 48 kHz using 32 bits per sample (channel mask 0x3)
[2015.04.07-05.39.36:679][  0]LogInit: FAudioDevice initialized.
[2015.04.07-05.39.36:700][  0]LogAIModule: Creating AISystem for world NewWorld
[2015.04.07-05.39.36:716][  0]LogDerivedDataCache: Saved boot cache 0.02s 40MB C:/Users/David/AppData/Local/UnrealEngine/4.7/DerivedDataCache/Boot.ddc.
[2015.04.07-05.39.36:720][  0]LogInit: Texture streaming: Enabled
[2015.04.07-05.39.36:779][  0]LogAnalytics: Creating configured Analytics provider AnalyticsET
[2015.04.07-05.39.36:779][  0]LogAnalytics: ET APIKey = Rocket.Release. APIServer = http://et2.epicgames.com/ET2/. AppVersion = 4.7.4-2497108+++depot+UE4-Releases+4.7
[2015.04.07-05.39.36:779][  0]LogAnalytics: ET APIKey = Rocket.Release. DataRouterUploadURL = https://datarouter-public-service-gamedev.ol.epicgames.net/datarouter/api/v1/public/data. AppVersion = 4.7.4-2497108+++depot+UE4-Releases+4.7
[2015.04.07-05.39.36:779][  0]LogAnalytics: SetUserId 223f7040465b3f7038365290d9edc0ee|5656872ab9a84b2299c2fa0e4671a422|aa9cc460-9576-48a2-8fac-f215616f8008
[2015.04.07-05.39.36:779][  0]LogAnalytics: AnalyticsET::StartSession [Rocket.Release]
[2015.04.07-05.39.36:792][  0]LogInit: Transaction tracking system initialized
[2015.04.07-05.39.36:892][  0]BlueprintLog: New page: Editor Load
[2015.04.07-05.39.36:916][  0]LogAssetRegistry: FAssetRegistry took 0.0110 seconds to start up
[2015.04.07-05.39.36:916][  0]LogDirectoryWatcher:Warning: Failed to begin reading directory changes for ../../../Engine/Plugins/Experimental/CharacterAI/Content/. Error: 0
[2015.04.07-05.39.37:324][  0]LogTargetPlatformManager:Display: Building Assets For Windows
[2015.04.07-05.39.37:652][  0]LogTargetPlatformManager:Display: Building Assets For Windows
[2015.04.07-05.39.37:802][  0]LogSlate:Warning: Failed to load font data from '../../../Engine/Content/Editor/Slate/Fonts/Roboto-Regular.ttf'
[2015.04.07-05.39.37:802][  0]LogSlate:Warning: Failed to load font data from '../../../Engine/Content/Editor/Slate/Fonts/Roboto-Bold.ttf'
[2015.04.07-05.39.37:806][  0]LogConsoleResponse:Display: 
[2015.04.07-05.39.37:956][  0]LogCook:Display: Done creating registry. It took  0.00s.
[2015.04.07-05.39.38:053][  0]LogSourceControl: RunCommandInternalRaw: 'git version'
[2015.04.07-05.39.38:058][  0]LogSourceControl: RunCommandInternalRaw: ExecProcess ReturnCode=0 OutResults='git version 1.9.5.msysgit.1
'
[2015.04.07-05.39.38:058][  0]Cmd: MAP LOAD FILE="../../../../../../Dokumenty/Unreal Projects/TreeGenerator/Content/TreeGeneratorMap.umap" TEMPLATE=0 SHOWPROGRESS=1 FEATURELEVEL=3
[2015.04.07-05.39.38:066][  0]LightingResults: New page: Lighting Build
[2015.04.07-05.39.38:073][  0]MapCheck: New page: Map Check
[2015.04.07-05.39.38:073][  0]LightingResults: New page: Lighting Build
[2015.04.07-05.39.38:079][  0]LogParticles: Destroying 0 GPU particle simulations for FXSystem 0x000000934590BB00
[2015.04.07-05.39.39:195][  0]LogEditorServer: Finished looking for orphan Actors (0.000 secs)
[2015.04.07-05.39.39:217][  0]LogAIModule: Creating AISystem for world TreeGeneratorMap
[2015.04.07-05.39.39:218][  0]Cmd: MAP CHECKDEP
[2015.04.07-05.39.39:218][  0]MapCheck: New page: TreeGeneratorMap - Apr 7, 2015, 9:39:39 AM
[2015.04.07-05.39.39:267][  0]MapCheck: Info Map check complete: 0 Error(s), 0 Warning(s), took 49.11ms to complete.
[2015.04.07-05.39.39:267][  0]LogFileHelpers: Loading map 'TreeGeneratorMap' took 1.208
[2015.04.07-05.39.40:197][  0]LogSourceControl: RunCommandInternalRaw: 'git status'
[2015.04.07-05.39.40:197][  0]LogSourceControl: RunCommandInternalRaw: ExecProcess ReturnCode=0 OutResults='On branch master
Your branch is up-to-date with 'origin/master'.

Changes not staged for commit:
  (use "git add <file>..." to update what will be committed)
  (use "git checkout -- <file>..." to discard changes in working directory)

	modified:   Saved/Logs/TreeGenerator.log

no changes added to commit (use "git add" and/or "git commit -a")
'
[2015.04.07-05.39.40:197][  0]LogSourceControl: RunCommandInternalRaw: 'git symbolic-ref --short HEAD'
[2015.04.07-05.39.40:197][  0]LogSourceControl: RunCommandInternalRaw: ExecProcess ReturnCode=0 OutResults='master
'
[2015.04.07-05.39.40:197][  0]LogCrashTracker: Crashtracker disabled due to settings.
[2015.04.07-05.39.40:233][  0]LogSlate:Warning: Failed to load font data from 'Veranda'
[2015.04.07-05.39.40:341][  0]LogCollectionManager: Loaded 0 collections in 0.001882 seconds
[2015.04.07-05.39.40:357][  0]LogContentBrowser: Native class hierarchy populated in 0.0161 seconds. Added 1701 classes and 265 folders.
[2015.04.07-05.39.40:481][  0]LogUObjectGlobals:Warning: Failed to find object 'Class None.'
[2015.04.07-05.39.40:532][  0]LogLoad: Full Startup: 12.53 seconds (BP compile: 0.30 seconds)
[2015.04.07-05.39.40:580][  0]LogContentBrowser:Verbose: The content browser source was changed by the sources view to '/Game/Blueprints'
[2015.04.07-05.39.40:800][  0]SourceControl: Info master
[2015.04.07-05.39.40:890][  0]LogRenderer:Warning: Reallocating scene render targets to support 32x32 (Frame:2).
[2015.04.07-05.39.41:051][  0]LogRenderer:Warning: Reallocating scene render targets to support 936x872 (Frame:3).
[2015.04.07-05.39.41:351][  4]LogAssetRegistry: Asset discovery search completed in 4.4465 seconds
[2015.04.07-05.39.46:306][585]LogVSAccessor:Warning: Couldn't access Visual Studio
[2015.04.07-05.39.46:306][585]Recompiling TreeGenerator...
[2015.04.07-05.39.46:306][585]Launching UnrealBuildTool... [D:/Program Files/Epic Games/4.7/Engine/Binaries/DotNET/UnrealBuildTool.exe TreeGenerator -ModuleWithSuffix TreeGenerator 6218 Win64 Development -editorrecompile -canskiplink "D:/Dokumenty/Unreal Projects/TreeGenerator/TreeGenerator.uproject" -rocket  -rocket]
[2015.04.07-05.39.46:307][585]Warning: Starting HotReload took  0.0s.
[2015.04.07-05.40.26:301][347]CompilerResultsLog: New page: Compilation - Apr 7, 2015, 9:40:26 AM
[2015.04.07-05.40.26:301][347]CompilerResultsLog: Info Performing 13 actions (4 in parallel)
[2015.04.07-05.40.26:301][347]CompilerResultsLog: Info [3/13] Resource TreeGenerator.rc
[2015.04.07-05.40.26:301][347]CompilerResultsLog: Info [2/13] Resource ModuleVersionResource.rc.inl
[2015.04.07-05.40.26:301][347]CompilerResultsLog: Info PCH.TreeGenerator.TreeGenerator.h.cpp
[2015.04.07-05.40.26:301][347]CompilerResultsLog: Info Enviroment.cpp
[2015.04.07-05.40.26:301][347]CompilerResultsLog: Info TreeGenerator.generated.cpp
[2015.04.07-05.40.26:301][347]CompilerResultsLog: Info ProceduralMeshComponent.cpp
[2015.04.07-05.40.26:302][347]CompilerResultsLog: Info TreeGeneratorActor.cpp
[2015.04.07-05.40.26:302][347]CompilerResultsLog: Info TreeGeneratorGameMode.cpp
[2015.04.07-05.40.26:302][347]CompilerResultsLog: Info AttractorModifier.cpp
[2015.04.07-05.40.26:302][347]CompilerResultsLog: Info Bud.cpp
[2015.04.07-05.40.26:302][347]CompilerResultsLog: Info EnviromentTile.cpp
[2015.04.07-05.40.26:302][347]CompilerResultsLog:Error: Error D:\Dokumenty\Unreal Projects\TreeGenerator\Source\TreeGenerator\EnviromentTile.cpp(10)  : error C2039: 'value' : is not a member of 'EnviromentTile'
[2015.04.07-05.40.26:302][347]CompilerResultsLog: Info          d:\dokumenty\unreal projects\treegenerator\source\treegenerator\EnviromentTile.h(13)  : see declaration of 'EnviromentTile'
[2015.04.07-05.40.26:302][347]CompilerResultsLog: Info TreeGenerator.cpp
[2015.04.07-05.40.26:302][347]CompilerResultsLog: Info -------- End Detailed Actions Stats -----------------------------------------------------------
[2015.04.07-05.40.26:302][347]CompilerResultsLog: Info ERROR: UBT ERROR: Failed to produce item: D:\Dokumenty\Unreal Projects\TreeGenerator\Binaries\Win64\UE4Editor-TreeGenerator-6218.dll
[2015.04.07-05.40.26:302][347]CompilerResultsLog: Info Cumulative action seconds (8 processors): 0,00 building projects, 38,47 compiling, 0,00 creating app bundles, 0,00 generating debug info, 0,00 linking, 0,00 other
[2015.04.07-05.40.26:302][347]CompilerResultsLog: Info UBT execution time: 39,89 seconds
[2015.04.07-05.40.26:302][347]LogMainFrame: MainFrame: Module compiling took 40.006 seconds
[2015.04.07-05.40.26:302][347]Warning: HotReload failed, recompile failed
[2015.04.07-05.44.06:496][766]LogPlayLevel: PIE:  No blueprints needed recompiling
[2015.04.07-05.44.06:497][766]PIE: New page: PIE session: TreeGeneratorMap (Apr 7, 2015, 9:44:06 AM)
[2015.04.07-05.44.06:499][766]LogPlayLevel: PIE: StaticDuplicateObject took: (0.001543s)
[2015.04.07-05.44.06:500][766]LogPlayLevel: PIE: World Init took: (0.000874s)
[2015.04.07-05.44.06:500][766]LogPlayLevel: PIE: Created PIE world by copying editor world from /Game/TreeGeneratorMap.TreeGeneratorMap to /Game/UEDPIE_0_TreeGeneratorMap.TreeGeneratorMap (0.002633s)
[2015.04.07-05.44.06:605][766]LogWorld: Game class is 'TreeGeneratorGameModeBP_C'
[2015.04.07-05.44.06:707][766]LogAIModule: Creating AISystem for world TreeGeneratorMap
[2015.04.07-05.44.06:710][766]LogWorld: Bringing World /Game/UEDPIE_0_TreeGeneratorMap.TreeGeneratorMap up for play (max tick rate 0) at 2015.04.07-07.44.06
[2015.04.07-05.44.06:716][766]LogWorld: Bringing up level for play took: 0.008216
[2015.04.07-05.44.06:805][766]PIE: Info Play in editor start time for /Game/UEDPIE_0_TreeGeneratorMap -0.351
[2015.04.07-05.44.53:407][475]LogParticles: Destroying 0 GPU particle simulations for FXSystem 0x0000009338F89D00
[2015.04.07-05.44.55:285][638]Cmd: QUIT_EDITOR
[2015.04.07-05.44.55:477][638]LogExit: Preparing to exit.
[2015.04.07-05.44.56:209][638]LogExit: Editor shut down
[2015.04.07-05.44.56:210][638]LogExit: Transaction tracking system shut down
[2015.04.07-05.44.56:211][638]LogParticles: Destroying 0 GPU particle simulations for FXSystem 0x000000933AE677E0
[2015.04.07-05.44.56:211][638]LogParticles: Destroying 0 GPU particle simulations for FXSystem 0x00000093495A0CC0
[2015.04.07-05.44.56:211][638]LogParticles: Destroying 0 GPU particle simulations for FXSystem 0x000000934A025DA0
[2015.04.07-05.44.56:211][638]LogParticles: Destroying 0 GPU particle simulations for FXSystem 0x000000934A0256C0
[2015.04.07-05.44.56:254][638]LogExit: Object subsystem successfully closed.
[2015.04.07-05.44.56:292][638]LogModuleManager: Shutting down and abandoning module EditorWidgets (178)
[2015.04.07-05.44.56:292][638]LogModuleManager: Shutting down and abandoning module CollectionManager (177)
[2015.04.07-05.44.56:304][638]LogModuleManager: Shutting down and abandoning module CrashTracker (176)
[2015.04.07-05.44.56:304][638]LogModuleManager: Shutting down and abandoning module SuperSearch (175)
[2015.04.07-05.44.56:304][638]LogModuleManager: Shutting down and abandoning module SceneOutliner (174)
[2015.04.07-05.44.56:304][638]LogModuleManager: Shutting down and abandoning module StatsViewer (173)
[2015.04.07-05.44.56:304][638]LogModuleManager: Shutting down and abandoning module FoliageEdit (172)
[2015.04.07-05.44.56:304][638]LogModuleManager: Shutting down and abandoning module LandscapeEditor (171)
[2015.04.07-05.44.56:304][638]LogModuleManager: Shutting down and abandoning module MeshPaint (170)
[2015.04.07-05.44.56:304][638]LogModuleManager: Shutting down and abandoning module ActorPickerMode (169)
[2015.04.07-05.44.56:304][638]LogModuleManager: Shutting down and abandoning module GeometryMode (168)
[2015.04.07-05.44.56:304][638]LogModuleManager: Shutting down and abandoning module TextureAlignMode (167)
[2015.04.07-05.44.56:304][638]LogModuleManager: Shutting down and abandoning module BspMode (166)
[2015.04.07-05.44.56:304][638]LogModuleManager: Shutting down and abandoning module PlacementMode (165)
[2015.04.07-05.44.56:304][638]LogModuleManager: Shutting down and abandoning module AutomationWorker (164)
[2015.04.07-05.44.56:304][638]LogModuleManager: Shutting down and abandoning module CharacterAI (163)
[2015.04.07-05.44.56:304][638]LogModuleManager: Shutting down and abandoning module SmartSnapping (162)
[2015.04.07-05.44.56:304][638]LogModuleManager: Shutting down and abandoning module ViewportSnapping (161)
[2015.04.07-05.44.56:304][638]LogModuleManager: Shutting down and abandoning module LogVisualizer (160)
[2015.04.07-05.44.56:304][638]LogModuleManager: Shutting down and abandoning module GameProjectGeneration (159)
[2015.04.07-05.44.56:304][638]LogModuleManager: Shutting down and abandoning module IntroTutorials (158)
[2015.04.07-05.44.56:304][638]LogModuleManager: Shutting down and abandoning module EditorLiveStreaming (157)
[2015.04.07-05.44.56:304][638]LogModuleManager: Shutting down and abandoning module HardwareTargeting (156)
[2015.04.07-05.44.56:304][638]LogModuleManager: Shutting down and abandoning module DeviceProfileEditor (155)
[2015.04.07-05.44.56:304][638]LogModuleManager: Shutting down and abandoning module UndoHistory (154)
[2015.04.07-05.44.56:304][638]LogModuleManager: Shutting down and abandoning module GameplayTagsEditor (153)
[2015.04.07-05.44.56:304][638]LogModuleManager: Shutting down and abandoning module UserFeedback (152)
[2015.04.07-05.44.56:304][638]LogModuleManager: Shutting down and abandoning module XmlParser (151)
[2015.04.07-05.44.56:304][638]LogModuleManager: Shutting down and abandoning module Blutility (150)
[2015.04.07-05.44.56:304][638]LogModuleManager: Shutting down and abandoning module IOSPlatformEditor (149)
[2015.04.07-05.44.56:304][638]LogModuleManager: Shutting down and abandoning module IOSRuntimeSettings (148)
[2015.04.07-05.44.56:304][638]LogModuleManager: Shutting down and abandoning module AndroidDeviceDetection (147)
[2015.04.07-05.44.57:151][638]LogModuleManager: Shutting down and abandoning module AndroidPlatformEditor (146)
[2015.04.07-05.44.57:151][638]LogModuleManager: Shutting down and abandoning module AndroidRuntimeSettings (145)
[2015.04.07-05.44.57:151][638]LogModuleManager: Shutting down and abandoning module ProjectTargetPlatformEditor (144)
[2015.04.07-05.44.57:151][638]LogModuleManager: Shutting down and abandoning module ProjectSettingsViewer (143)
[2015.04.07-05.44.57:151][638]LogModuleManager: Shutting down and abandoning module InputBindingEditor (142)
[2015.04.07-05.44.57:152][638]LogModuleManager: Shutting down and abandoning module EditorSettingsViewer (141)
[2015.04.07-05.44.57:152][638]LogModuleManager: Shutting down and abandoning module SettingsEditor (140)
[2015.04.07-05.44.57:152][638]LogModuleManager: Shutting down and abandoning module ProjectLauncher (139)
[2015.04.07-05.44.57:152][638]LogModuleManager: Shutting down and abandoning module SessionFrontend (138)
[2015.04.07-05.44.57:152][638]LogModuleManager: Shutting down and abandoning module ProfilerClient (137)
[2015.04.07-05.44.57:152][638]LogModuleManager: Shutting down and abandoning module TargetDeviceServices (136)
[2015.04.07-05.44.57:152][638]LogModuleManager: Shutting down and abandoning module DeviceManager (135)
[2015.04.07-05.44.57:152][638]LogModuleManager: Shutting down and abandoning module AutomationController (134)
[2015.04.07-05.44.57:152][638]LogModuleManager: Shutting down and abandoning module AutomationWindow (133)
[2015.04.07-05.44.57:153][638]LogModuleManager: Shutting down and abandoning module Layers (132)
[2015.04.07-05.44.57:153][638]LogModuleManager: Shutting down and abandoning module ComponentVisualizers (131)
[2015.04.07-05.44.57:153][638]LogModuleManager: Shutting down and abandoning module DetailCustomizations (130)
[2015.04.07-05.44.57:153][638]LogModuleManager: Shutting down and abandoning module PackagesDialog (129)
[2015.04.07-05.44.57:153][638]LogModuleManager: Shutting down and abandoning module AssetRegistry (128)
[2015.04.07-05.44.57:279][638]LogModuleManager: Shutting down and abandoning module Persona (127)
[2015.04.07-05.44.57:279][638]LogModuleManager: Shutting down and abandoning module SlateReflector (126)
[2015.04.07-05.44.57:279][638]LogModuleManager: Shutting down and abandoning module LevelEditor (125)
[2015.04.07-05.44.57:281][638]LogModuleManager: Shutting down and abandoning module Kismet (124)
[2015.04.07-05.44.57:281][638]LogModuleManager: Shutting down and abandoning module GraphEditor (123)
[2015.04.07-05.44.57:281][638]LogModuleManager: Shutting down and abandoning module ClassViewer (122)
[2015.04.07-05.44.57:281][638]LogModuleManager: Shutting down and abandoning module Toolbox (121)
[2015.04.07-05.44.57:281][638]LogModuleManager: Shutting down and abandoning module ModuleUI (120)
[2015.04.07-05.44.57:281][638]LogModuleManager: Shutting down and abandoning module MovieSceneTools (119)
[2015.04.07-05.44.57:281][638]LogModuleManager: Shutting down and abandoning module OutputLog (118)
[2015.04.07-05.44.57:281][638]LogModuleManager: Shutting down and abandoning module GammaUI (117)
[2015.04.07-05.44.57:281][638]LogModuleManager: Shutting down and abandoning module Documentation (116)
[2015.04.07-05.44.57:281][638]LogModuleManager: Shutting down and abandoning module GameLiveStreaming (115)
[2015.04.07-05.44.57:281][638]LogModuleManager: Shutting down and abandoning module StreamingPauseRendering (114)
[2015.04.07-05.44.57:281][638]LogModuleManager: Shutting down and abandoning module HTTP (113)
[2015.04.07-05.44.57:281][638]LogModuleManager: Shutting down and abandoning module AnalyticsET (112)
[2015.04.07-05.44.57:281][638]LogModuleManager: Shutting down and abandoning module Analytics (111)
[2015.04.07-05.44.57:281][638]LogModuleManager: Shutting down and abandoning module AITestSuite (110)
[2015.04.07-05.44.57:281][638]LogModuleManager: Shutting down and abandoning module GameplayDebugger (109)
[2015.04.07-05.44.57:281][638]LogModuleManager: Shutting down and abandoning module AIModule (108)
[2015.04.07-05.44.57:281][638]LogModuleManager: Shutting down and abandoning module ProfilerService (107)
[2015.04.07-05.44.57:515][638]LogModuleManager: Shutting down and abandoning module TaskGraph (106)
[2015.04.07-05.44.57:515][638]LogModuleManager: Shutting down and abandoning module SlateRemote (105)
[2015.04.07-05.44.57:516][638]LogModuleManager: Shutting down and abandoning module ScriptEditorPlugin (104)
[2015.04.07-05.44.57:516][638]LogModuleManager: Shutting down and abandoning module CustomMeshComponent (103)
[2015.04.07-05.44.57:516][638]LogModuleManager: Shutting down and abandoning module CableComponent (102)
[2015.04.07-05.44.57:516][638]LogModuleManager: Shutting down and abandoning module MessagingDebugger (101)
[2015.04.07-05.44.57:516][638]LogModuleManager: Shutting down and abandoning module MediaPlayerEditor (100)
[2015.04.07-05.44.57:516][638]LogModuleManager: Shutting down and abandoning module SpeedTreeImporter (99)
[2015.04.07-05.44.57:516][638]LogModuleManager: Shutting down and abandoning module PluginsEditor (98)
[2015.04.07-05.44.57:516][638]LogModuleManager: Shutting down and abandoning module MainFrame (97)
[2015.04.07-05.44.57:516][638]LogModuleManager: Shutting down and abandoning module EpicSurvey (96)
[2015.04.07-05.44.57:516][638]LogModuleManager: Shutting down and abandoning module DesktopPlatform (95)
[2015.04.07-05.44.57:516][638]LogModuleManager: Shutting down and abandoning module DirectoryWatcher (94)
[2015.04.07-05.44.57:517][638]LogModuleManager: Shutting down and abandoning module HotReload (93)
[2015.04.07-05.44.57:517][638]LogModuleManager: Shutting down and abandoning module VisualStudioSourceCodeAccess (92)
[2015.04.07-05.44.57:517][638]LogModuleManager: Shutting down and abandoning module UObjectPlugin (91)
[2015.04.07-05.44.57:517][638]LogModuleManager: Shutting down and abandoning module SubversionSourceControl (90)
[2015.04.07-05.44.57:518][638]LogModuleManager: Shutting down and abandoning module PerforceSourceControl (89)
[2015.04.07-05.44.57:518][638]LogModuleManager: Shutting down and abandoning module SourceControl (88)
[2015.04.07-05.44.57:518][638]LogModuleManager: Shutting down and abandoning module GitSourceControl (87)
[2015.04.07-05.44.57:518][638]LogModuleManager: Shutting down and abandoning module BlankPlugin (86)
[2015.04.07-05.44.57:518][638]LogModuleManager: Shutting down and abandoning module PaperTiledImporter (85)
[2015.04.07-05.44.57:518][638]LogModuleManager: Shutting down and abandoning module PaperJsonImporter (84)
[2015.04.07-05.44.57:518][638]LogModuleManager: Shutting down and abandoning module ContentBrowser (83)
[2015.04.07-05.44.57:518][638]LogModuleManager: Shutting down and abandoning module Paper2DEditor (82)
[2015.04.07-05.44.57:519][638]LogModuleManager: Shutting down and abandoning module TreeGenerator (81)
[2015.04.07-05.44.57:519][638]LogModuleManager: Shutting down and abandoning module ScriptPlugin (80)
[2015.04.07-05.44.57:519][638]LogModuleManager: Shutting down and abandoning module UdpMessaging (79)
[2015.04.07-05.44.57:619][638]LogModuleManager: Shutting down and abandoning module Paper2D (78)
[2015.04.07-05.44.57:619][638]LogModuleManager: Shutting down and abandoning module WindowsMoviePlayer (77)
[2015.04.07-05.44.57:625][638]LogModuleManager: Shutting down and abandoning module Media (76)
[2015.04.07-05.44.57:625][638]LogModuleManager: Shutting down and abandoning module WmfMedia (75)
[2015.04.07-05.44.57:626][638]LogModuleManager: Shutting down and abandoning module OnlineBlueprintSupport (74)
[2015.04.07-05.44.57:626][638]LogModuleManager: Shutting down and abandoning module PropertyEditor (73)
[2015.04.07-05.44.57:626][638]LogModuleManager: Shutting down and abandoning module BehaviorTreeEditor (72)
[2015.04.07-05.44.57:626][638]LogModuleManager: Shutting down and abandoning module FunctionalTesting (71)
[2015.04.07-05.44.57:626][638]LogModuleManager: Shutting down and abandoning module CollisionAnalyzer (70)
[2015.04.07-05.44.57:626][638]LogModuleManager: Shutting down and abandoning module WorkspaceMenuStructure (69)
[2015.04.07-05.44.57:626][638]LogModuleManager: Shutting down and abandoning module MessageLog (68)
[2015.04.07-05.44.57:626][638]LogModuleManager: Shutting down and abandoning module Sequencer (67)
[2015.04.07-05.44.57:626][638]LogModuleManager: Shutting down and abandoning module AssetTools (66)
[2015.04.07-05.44.57:626][638]LogModuleManager: Shutting down and abandoning module UMGEditor (65)
[2015.04.07-05.44.57:626][638]LogModuleManager: Shutting down and abandoning module UMG (64)
[2015.04.07-05.44.57:626][638]LogModuleManager: Shutting down and abandoning module Slate (63)
[2015.04.07-05.44.57:626][638]LogModuleManager: Shutting down and abandoning module EditorStyle (62)
[2015.04.07-05.44.57:637][638]LogModuleManager: Shutting down and abandoning module SessionServices (61)
[2015.04.07-05.44.57:637][638]LogModuleManager: Shutting down and abandoning module SourceCodeAccess (60)
[2015.04.07-05.44.57:637][638]LogModuleManager: Shutting down and abandoning module HeadMountedDisplay (59)
[2015.04.07-05.44.57:637][638]LogModuleManager: Shutting down and abandoning module XAudio2 (58)
[2015.04.07-05.44.57:637][638]LogModuleManager: Shutting down and abandoning module Networking (56)
[2015.04.07-05.44.57:637][638]LogModuleManager: Shutting down and abandoning module Core (55)
[2015.04.07-05.44.57:637][638]LogModuleManager: Shutting down and abandoning module KismetCompiler (54)
[2015.04.07-05.44.57:637][638]LogModuleManager: Shutting down and abandoning module PhysXFormats (53)
[2015.04.07-05.44.57:637][638]LogModuleManager: Shutting down and abandoning module MeshUtilities (52)
[2015.04.07-05.44.57:637][638]LogModuleManager: Shutting down and abandoning module DerivedDataCache (51)
[2015.04.07-05.44.57:681][638]LogDerivedDataCache: Shutdown
[2015.04.07-05.44.57:681][638]LogModuleManager: Shutting down and abandoning module ShaderFormatOpenGL (50)
[2015.04.07-05.44.57:681][638]LogModuleManager: Shutting down and abandoning module ShaderFormatD3D (49)
[2015.04.07-05.44.57:681][638]LogModuleManager: Shutting down and abandoning module MetalShaderFormat (48)
[2015.04.07-05.44.57:681][638]LogModuleManager: Shutting down and abandoning module TextureFormatUncompressed (47)
[2015.04.07-05.44.57:681][638]LogModuleManager: Shutting down and abandoning module TextureFormatPVR (46)
[2015.04.07-05.44.57:681][638]LogModuleManager: Shutting down and abandoning module TextureFormatIntelISPCTexComp (45)
[2015.04.07-05.44.57:681][638]LogModuleManager: Shutting down and abandoning module TextureFormatDXT (44)
[2015.04.07-05.44.57:681][638]LogModuleManager: Shutting down and abandoning module ImageWrapper (43)
[2015.04.07-05.44.57:681][638]LogModuleManager: Shutting down and abandoning module TextureFormatASTC (42)
[2015.04.07-05.44.57:681][638]LogModuleManager: Shutting down and abandoning module TextureFormatAndroid (41)
[2015.04.07-05.44.57:681][638]LogModuleManager: Shutting down and abandoning module AudioFormatOpus (40)
[2015.04.07-05.44.57:681][638]LogModuleManager: Shutting down and abandoning module AudioFormatOgg (39)
[2015.04.07-05.44.57:681][638]LogModuleManager: Shutting down and abandoning module AudioFormatADPCM (38)
[2015.04.07-05.44.57:681][638]LogModuleManager: Shutting down and abandoning module LinuxTargetPlatform (37)
[2015.04.07-05.44.57:681][638]LogModuleManager: Shutting down and abandoning module LinuxServerTargetPlatform (36)
[2015.04.07-05.44.57:681][638]LogModuleManager: Shutting down and abandoning module LinuxNoEditorTargetPlatform (35)
[2015.04.07-05.44.57:682][638]LogModuleManager: Shutting down and abandoning module Messaging (34)
[2015.04.07-05.44.57:682][638]LogModuleManager: Shutting down and abandoning module IOSTargetPlatform (33)
[2015.04.07-05.44.57:682][638]LogModuleManager: Shutting down and abandoning module HTML5TargetPlatform (32)
[2015.04.07-05.44.57:682][638]LogModuleManager: Shutting down and abandoning module Android_PVRTCTargetPlatform (31)
[2015.04.07-05.44.57:682][638]LogModuleManager: Shutting down and abandoning module Android_ETC2TargetPlatform (30)
[2015.04.07-05.44.57:682][638]LogModuleManager: Shutting down and abandoning module Android_ETC1TargetPlatform (29)
[2015.04.07-05.44.57:682][638]LogModuleManager: Shutting down and abandoning module Android_ES31TargetPlatform (28)
[2015.04.07-05.44.57:682][638]LogModuleManager: Shutting down and abandoning module Android_DXTTargetPlatform (27)
[2015.04.07-05.44.57:682][638]LogModuleManager: Shutting down and abandoning module Android_ATCTargetPlatform (26)
[2015.04.07-05.44.57:682][638]LogModuleManager: Shutting down and abandoning module AndroidTargetPlatform (25)
[2015.04.07-05.44.57:682][638]LogModuleManager: Shutting down and abandoning module WindowsTargetPlatform (24)
[2015.04.07-05.44.57:682][638]LogModuleManager: Shutting down and abandoning module WindowsServerTargetPlatform (23)
[2015.04.07-05.44.57:682][638]LogModuleManager: Shutting down and abandoning module WindowsNoEditorTargetPlatform (22)
[2015.04.07-05.44.57:682][638]LogModuleManager: Shutting down and abandoning module WindowsClientTargetPlatform (21)
[2015.04.07-05.44.57:682][638]LogModuleManager: Shutting down and abandoning module TargetPlatform (20)
[2015.04.07-05.44.57:682][638]LogModuleManager: Shutting down and abandoning module InputCore (19)
[2015.04.07-05.44.57:682][638]LogModuleManager: Shutting down and abandoning module Settings (18)
[2015.04.07-05.44.57:682][638]LogModuleManager: Shutting down and abandoning module OnlineSubsystem (16)
[2015.04.07-05.44.57:682][638]LogModuleManager: Shutting down and abandoning module OculusRift (15)
[2015.04.07-05.44.57:682][638]LogModuleManager: Shutting down and abandoning module ExampleDeviceProfileSelector (14)
[2015.04.07-05.44.57:682][638]LogModuleManager: Shutting down and abandoning module TextureCompressor (13)
[2015.04.07-05.44.57:682][638]LogModuleManager: Shutting down and abandoning module ShaderCore (12)
[2015.04.07-05.44.57:682][638]LogModuleManager: Shutting down and abandoning module Landscape (11)
[2015.04.07-05.44.57:683][638]LogModuleManager: Shutting down and abandoning module SlateRHIRenderer (10)
[2015.04.07-05.44.57:686][638]LogModuleManager: Shutting down and abandoning module OpenGLDrv (9)
[2015.04.07-05.44.57:686][638]LogModuleManager: Shutting down and abandoning module D3D11RHI (8)
[2015.04.07-05.44.57:686][638]LogModuleManager: Shutting down and abandoning module Renderer (7)
[2015.04.07-05.44.57:686][638]LogModuleManager: Shutting down and abandoning module Engine (6)
[2015.04.07-05.44.57:686][638]LogModuleManager: Shutting down and abandoning module CoreUObject (5)
[2015.04.07-05.44.57:686][638]LogModuleManager: Shutting down and abandoning module NetworkFile (4)
[2015.04.07-05.44.57:686][638]LogModuleManager: Shutting down and abandoning module StreamingFile (3)
[2015.04.07-05.44.57:686][638]LogModuleManager: Shutting down and abandoning module SandboxFile (2)
[2015.04.07-05.44.57:686][638]LogModuleManager: Shutting down and abandoning module PakFile (1)
[2015.04.07-05.44.57:688][638]LogExit: Exiting.
[2015.04.07-05.44.57:700][638]Log file closed, 04/07/15 07:44:57
